<?xml version="1.0" encoding="UTF-8"?>
<testsuite hostname="hqmbm-6479.us.proofpoint.com" name="com.proofpoint.discovery.TestCassandraDynamicStore" tests="107" failures="2" timestamp="5 Aug 2011 23:39:58 GMT" time="3.554" errors="0">
  <testcase name="@BeforeMethod setup" time="0.0" classname="com.proofpoint.discovery.TestCassandraDynamicStore">
    <failure type="java.lang.NoSuchMethodError" message="org.apache.cassandra.thrift.KsDef.&amp;lt;init&amp;gt;(Ljava/lang/String;Ljava/lang/String;ILjava/util/List;)V">
      <![CDATA[java.lang.NoSuchMethodError: org.apache.cassandra.thrift.KsDef.<init>(Ljava/lang/String;Ljava/lang/String;ILjava/util/List;)V
	at me.prettyprint.cassandra.service.ThriftKsDef.toThrift(ThriftKsDef.java:94)
	at me.prettyprint.cassandra.service.ThriftCluster$5.execute(ThriftCluster.java:101)
	at me.prettyprint.cassandra.service.ThriftCluster$5.execute(ThriftCluster.java:97)
	at me.prettyprint.cassandra.service.Operation.executeAndSetResult(Operation.java:101)
	at me.prettyprint.cassandra.connection.HConnectionManager.operateWithFailover(HConnectionManager.java:221)
	at me.prettyprint.cassandra.service.ThriftCluster.addKeyspace(ThriftCluster.java:107)
	at com.proofpoint.discovery.CassandraDynamicStore.<init>(CassandraDynamicStore.java:82)
	at com.proofpoint.discovery.TestCassandraDynamicStore.initializeStore(TestCassandraDynamicStore.java:32)
	at com.proofpoint.discovery.TestDynamicStore.setup(TestDynamicStore.java:35)
	at org.apache.maven.surefire.testng.TestNGExecutor.run(TestNGExecutor.java:70)
	at org.apache.maven.surefire.testng.TestNGDirectoryTestSuite.executeMulti(TestNGDirectoryTestSuite.java:149)
	at org.apache.maven.surefire.testng.TestNGDirectoryTestSuite.execute(TestNGDirectoryTestSuite.java:95)
	at org.apache.maven.surefire.testng.TestNGProvider.invoke(TestNGProvider.java:114)
	at org.apache.maven.surefire.booter.ProviderFactory$ClassLoaderProxy.invoke(ProviderFactory.java:103)
	at $Proxy0.invoke(Unknown Source)
	at org.apache.maven.surefire.booter.SurefireStarter.invokeProvider(SurefireStarter.java:150)
	at org.apache.maven.surefire.booter.SurefireStarter.runSuitesInProcess(SurefireStarter.java:91)
	at org.apache.maven.surefire.booter.ForkedBooter.main(ForkedBooter.java:69)
... Removed 28 stack frames]]>
    </failure>
  </testcase>
  <testcase name="@AfterMethod teardown" time="0.0" classname="com.proofpoint.discovery.TestCassandraDynamicStore">
    <skipped/>
  </testcase>
  <testcase name="@BeforeMethod setup" time="0.0" classname="com.proofpoint.discovery.TestCassandraDynamicStore">
    <skipped/>
  </testcase>
  <testcase name="@AfterMethod teardown" time="0.0" classname="com.proofpoint.discovery.TestCassandraDynamicStore">
    <skipped/>
  </testcase>
  <testcase name="@BeforeMethod setup" time="0.0" classname="com.proofpoint.discovery.TestCassandraDynamicStore">
    <skipped/>
  </testcase>
  <testcase name="@AfterMethod teardown" time="0.0" classname="com.proofpoint.discovery.TestCassandraDynamicStore">
    <skipped/>
  </testcase>
  <testcase name="@BeforeMethod setup" time="0.0" classname="com.proofpoint.discovery.TestCassandraDynamicStore">
    <skipped/>
  </testcase>
  <testcase name="@AfterMethod teardown" time="0.0" classname="com.proofpoint.discovery.TestCassandraDynamicStore">
    <skipped/>
  </testcase>
  <testcase name="@BeforeMethod setup" time="0.0" classname="com.proofpoint.discovery.TestCassandraDynamicStore">
    <skipped/>
  </testcase>
  <testcase name="@AfterMethod teardown" time="0.0" classname="com.proofpoint.discovery.TestCassandraDynamicStore">
    <skipped/>
  </testcase>
  <testcase name="@BeforeMethod setup" time="0.0" classname="com.proofpoint.discovery.TestCassandraDynamicStore">
    <skipped/>
  </testcase>
  <testcase name="@AfterMethod teardown" time="0.0" classname="com.proofpoint.discovery.TestCassandraDynamicStore">
    <skipped/>
  </testcase>
  <testcase name="@BeforeMethod setup" time="0.0" classname="com.proofpoint.discovery.TestCassandraDynamicStore">
    <skipped/>
  </testcase>
  <testcase name="@AfterMethod teardown" time="0.0" classname="com.proofpoint.discovery.TestCassandraDynamicStore">
    <skipped/>
  </testcase>
  <testcase name="@BeforeMethod setup" time="0.0" classname="com.proofpoint.discovery.TestCassandraDynamicStore">
    <skipped/>
  </testcase>
  <testcase name="@AfterMethod teardown" time="0.0" classname="com.proofpoint.discovery.TestCassandraDynamicStore">
    <skipped/>
  </testcase>
  <testcase name="@BeforeMethod setup" time="0.0" classname="com.proofpoint.discovery.TestCassandraDynamicStore">
    <skipped/>
  </testcase>
  <testcase name="@AfterMethod teardown" time="0.0" classname="com.proofpoint.discovery.TestCassandraDynamicStore">
    <skipped/>
  </testcase>
  <testcase name="@BeforeMethod setup" time="0.0" classname="com.proofpoint.discovery.TestCassandraDynamicStore">
    <skipped/>
  </testcase>
  <testcase name="@AfterMethod teardown" time="0.0" classname="com.proofpoint.discovery.TestCassandraDynamicStore">
    <skipped/>
  </testcase>
  <testcase name="@BeforeMethod setup" time="0.0" classname="com.proofpoint.discovery.TestCassandraDynamicStore">
    <skipped/>
  </testcase>
  <testcase name="@AfterMethod teardown" time="0.0" classname="com.proofpoint.discovery.TestCassandraDynamicStore">
    <skipped/>
  </testcase>
  <testcase name="@BeforeMethod setup" time="0.0" classname="com.proofpoint.discovery.TestCassandraDynamicStore">
    <skipped/>
  </testcase>
  <testcase name="@AfterMethod teardown" time="0.0" classname="com.proofpoint.discovery.TestCassandraDynamicStore">
    <skipped/>
  </testcase>
  <testcase name="@BeforeMethod setup" time="0.0" classname="com.proofpoint.discovery.TestDiscoveryServer">
    <failure type="com.google.inject.ProvisionException" message="Guice provision errors:

1) Error injecting constructor, java.lang.NoSuchMethodError: org.apache.cassandra.thrift.KsDef.&amp;lt;init&amp;gt;(Ljava/lang/String;Ljava/lang/String;ILjava/util/List;)V
  at com.proofpoint.discovery.CassandraDynamicStore.&amp;lt;init&amp;gt;(CassandraDynamicStore.java:75)
  at com.proofpoint.discovery.DiscoveryModule.configure(DiscoveryModule.java:29)
  while locating com.proofpoint.discovery.CassandraDynamicStore

1 error">
      <![CDATA[com.google.inject.ProvisionException: Guice provision errors:

1) Error injecting constructor, java.lang.NoSuchMethodError: org.apache.cassandra.thrift.KsDef.<init>(Ljava/lang/String;Ljava/lang/String;ILjava/util/List;)V
  at com.proofpoint.discovery.CassandraDynamicStore.<init>(CassandraDynamicStore.java:75)
  at com.proofpoint.discovery.DiscoveryModule.configure(DiscoveryModule.java:29)
  while locating com.proofpoint.discovery.CassandraDynamicStore

1 error
	at com.google.inject.internal.InjectorImpl$4.get(InjectorImpl.java:987)
	at com.google.inject.internal.InjectorImpl.getInstance(InjectorImpl.java:1013)
	at com.proofpoint.discovery.TestDiscoveryServer.setup(TestDiscoveryServer.java:84)
	at org.apache.maven.surefire.testng.TestNGExecutor.run(TestNGExecutor.java:70)
	at org.apache.maven.surefire.testng.TestNGDirectoryTestSuite.executeMulti(TestNGDirectoryTestSuite.java:149)
	at org.apache.maven.surefire.testng.TestNGDirectoryTestSuite.execute(TestNGDirectoryTestSuite.java:95)
	at org.apache.maven.surefire.testng.TestNGProvider.invoke(TestNGProvider.java:114)
	at org.apache.maven.surefire.booter.ProviderFactory$ClassLoaderProxy.invoke(ProviderFactory.java:103)
	at $Proxy0.invoke(Unknown Source)
	at org.apache.maven.surefire.booter.SurefireStarter.invokeProvider(SurefireStarter.java:150)
	at org.apache.maven.surefire.booter.SurefireStarter.runSuitesInProcess(SurefireStarter.java:91)
	at org.apache.maven.surefire.booter.ForkedBooter.main(ForkedBooter.java:69)
Caused by: java.lang.NoSuchMethodError: org.apache.cassandra.thrift.KsDef.<init>(Ljava/lang/String;Ljava/lang/String;ILjava/util/List;)V
	at me.prettyprint.cassandra.service.ThriftKsDef.toThrift(ThriftKsDef.java:94)
	at me.prettyprint.cassandra.service.ThriftCluster$5.execute(ThriftCluster.java:101)
	at me.prettyprint.cassandra.service.ThriftCluster$5.execute(ThriftCluster.java:97)
	at me.prettyprint.cassandra.service.Operation.executeAndSetResult(Operation.java:101)
	at me.prettyprint.cassandra.connection.HConnectionManager.operateWithFailover(HConnectionManager.java:221)
	at me.prettyprint.cassandra.service.ThriftCluster.addKeyspace(ThriftCluster.java:107)
	at com.proofpoint.discovery.CassandraDynamicStore.<init>(CassandraDynamicStore.java:82)
	at com.proofpoint.discovery.CassandraDynamicStore$$FastClassByGuice$$627d0357.newInstance(<generated>)
	at com.google.inject.internal.DefaultConstructionProxyFactory$1.newInstance(DefaultConstructionProxyFactory.java:60)
	at com.google.inject.internal.ConstructorInjector.construct(ConstructorInjector.java:85)
	at com.google.inject.internal.ConstructorBindingImpl$Factory.get(ConstructorBindingImpl.java:254)
	at com.google.inject.internal.ProviderToInternalFactoryAdapter$1.call(ProviderToInternalFactoryAdapter.java:46)
	at com.google.inject.internal.InjectorImpl.callInContext(InjectorImpl.java:1031)
	at com.google.inject.internal.ProviderToInternalFactoryAdapter.get(ProviderToInternalFactoryAdapter.java:40)
	at com.google.inject.Scopes$1$1.get(Scopes.java:65)
	at com.google.inject.internal.InternalFactoryToProviderAdapter.get(InternalFactoryToProviderAdapter.java:40)
	at com.google.inject.internal.InjectorImpl$4$1.call(InjectorImpl.java:978)
	at com.google.inject.internal.InjectorImpl.callInContext(InjectorImpl.java:1024)
	at com.google.inject.internal.InjectorImpl$4.get(InjectorImpl.java:974)
	... 39 more
... Removed 29 stack frames]]>
    </failure>
  </testcase>
  <testcase name="@AfterMethod teardown" time="0.0" classname="com.proofpoint.discovery.TestDiscoveryServer">
    <skipped/>
  </testcase>
  <testcase name="@BeforeMethod setup" time="0.0" classname="com.proofpoint.discovery.TestDiscoveryServer">
    <skipped/>
  </testcase>
  <testcase name="@AfterMethod teardown" time="0.0" classname="com.proofpoint.discovery.TestDiscoveryServer">
    <skipped/>
  </testcase>
  <testcase name="@BeforeMethod setup" time="0.0" classname="com.proofpoint.discovery.TestInMemoryDynamicStore">
    <skipped/>
  </testcase>
  <testcase name="@BeforeMethod setup" time="0.0" classname="com.proofpoint.discovery.TestInMemoryDynamicStore">
    <skipped/>
  </testcase>
  <testcase name="@BeforeMethod setup" time="0.0" classname="com.proofpoint.discovery.TestInMemoryDynamicStore">
    <skipped/>
  </testcase>
  <testcase name="@BeforeMethod setup" time="0.0" classname="com.proofpoint.discovery.TestInMemoryDynamicStore">
    <skipped/>
  </testcase>
  <testcase name="@BeforeMethod setup" time="0.0" classname="com.proofpoint.discovery.TestInMemoryDynamicStore">
    <skipped/>
  </testcase>
  <testcase name="@BeforeMethod setup" time="0.0" classname="com.proofpoint.discovery.TestInMemoryDynamicStore">
    <skipped/>
  </testcase>
  <testcase name="@BeforeMethod setup" time="0.0" classname="com.proofpoint.discovery.TestInMemoryDynamicStore">
    <skipped/>
  </testcase>
  <testcase name="@BeforeMethod setup" time="0.0" classname="com.proofpoint.discovery.TestInMemoryDynamicStore">
    <skipped/>
  </testcase>
  <testcase name="@BeforeMethod setup" time="0.0" classname="com.proofpoint.discovery.TestInMemoryDynamicStore">
    <skipped/>
  </testcase>
  <testcase name="@BeforeMethod setup" time="0.0" classname="com.proofpoint.discovery.TestInMemoryDynamicStore">
    <skipped/>
  </testcase>
  <testcase name="@BeforeMethod setup" time="0.0" classname="com.proofpoint.discovery.TestInMemoryDynamicStore">
    <skipped/>
  </testcase>
  <testcase name="@BeforeMethod setup" time="0.0" classname="com.proofpoint.discovery.TestCassandraStaticStore">
    <failure type="java.lang.NoSuchMethodError" message="org.apache.cassandra.thrift.KsDef.&amp;lt;init&amp;gt;(Ljava/lang/String;Ljava/lang/String;ILjava/util/List;)V">
      <![CDATA[java.lang.NoSuchMethodError: org.apache.cassandra.thrift.KsDef.<init>(Ljava/lang/String;Ljava/lang/String;ILjava/util/List;)V
	at me.prettyprint.cassandra.service.ThriftKsDef.toThrift(ThriftKsDef.java:94)
	at me.prettyprint.cassandra.service.ThriftCluster$5.execute(ThriftCluster.java:101)
	at me.prettyprint.cassandra.service.ThriftCluster$5.execute(ThriftCluster.java:97)
	at me.prettyprint.cassandra.service.Operation.executeAndSetResult(Operation.java:101)
	at me.prettyprint.cassandra.connection.HConnectionManager.operateWithFailover(HConnectionManager.java:221)
	at me.prettyprint.cassandra.service.ThriftCluster.addKeyspace(ThriftCluster.java:107)
	at com.proofpoint.discovery.CassandraStaticStore.<init>(CassandraStaticStore.java:68)
	at com.proofpoint.discovery.TestCassandraStaticStore.initializeStore(TestCassandraStaticStore.java:28)
	at com.proofpoint.discovery.TestStaticStore.setup(TestStaticStore.java:28)
	at org.apache.maven.surefire.testng.TestNGExecutor.run(TestNGExecutor.java:70)
	at org.apache.maven.surefire.testng.TestNGDirectoryTestSuite.executeMulti(TestNGDirectoryTestSuite.java:149)
	at org.apache.maven.surefire.testng.TestNGDirectoryTestSuite.execute(TestNGDirectoryTestSuite.java:95)
	at org.apache.maven.surefire.testng.TestNGProvider.invoke(TestNGProvider.java:114)
	at org.apache.maven.surefire.booter.ProviderFactory$ClassLoaderProxy.invoke(ProviderFactory.java:103)
	at $Proxy0.invoke(Unknown Source)
	at org.apache.maven.surefire.booter.SurefireStarter.invokeProvider(SurefireStarter.java:150)
	at org.apache.maven.surefire.booter.SurefireStarter.runSuitesInProcess(SurefireStarter.java:91)
	at org.apache.maven.surefire.booter.ForkedBooter.main(ForkedBooter.java:69)
... Removed 28 stack frames]]>
    </failure>
  </testcase>
  <testcase name="@BeforeMethod setup" time="0.0" classname="com.proofpoint.discovery.TestCassandraStaticStore">
    <skipped/>
  </testcase>
  <testcase name="@BeforeMethod setup" time="0.0" classname="com.proofpoint.discovery.TestCassandraStaticStore">
    <skipped/>
  </testcase>
  <testcase name="@BeforeMethod setup" time="0.0" classname="com.proofpoint.discovery.TestCassandraStaticStore">
    <skipped/>
  </testcase>
  <testcase name="@BeforeMethod setup" time="0.0" classname="com.proofpoint.discovery.TestCassandraStaticStore">
    <skipped/>
  </testcase>
  <testcase name="@BeforeMethod setup" time="0.0" classname="com.proofpoint.discovery.TestCassandraStaticStore">
    <skipped/>
  </testcase>
  <testcase name="@BeforeMethod setup" time="0.0" classname="com.proofpoint.discovery.TestCassandraStaticStore">
    <skipped/>
  </testcase>
  <testcase name="@BeforeMethod setup" time="0.0" classname="com.proofpoint.discovery.TestInMemoryStaticStore">
    <skipped/>
  </testcase>
  <testcase name="@BeforeMethod setup" time="0.0" classname="com.proofpoint.discovery.TestInMemoryStaticStore">
    <skipped/>
  </testcase>
  <testcase name="@BeforeMethod setup" time="0.0" classname="com.proofpoint.discovery.TestInMemoryStaticStore">
    <skipped/>
  </testcase>
  <testcase name="@BeforeMethod setup" time="0.0" classname="com.proofpoint.discovery.TestInMemoryStaticStore">
    <skipped/>
  </testcase>
  <testcase name="@BeforeMethod setup" time="0.0" classname="com.proofpoint.discovery.TestInMemoryStaticStore">
    <skipped/>
  </testcase>
  <testcase name="@BeforeMethod setup" time="0.0" classname="com.proofpoint.discovery.TestInMemoryStaticStore">
    <skipped/>
  </testcase>
  <testcase name="@BeforeMethod setup" time="0.0" classname="com.proofpoint.discovery.TestInMemoryStaticStore">
    <skipped/>
  </testcase>
  <testcase name="testCannotBeInitalizedTwice" time="0.0010" classname="com.proofpoint.discovery.TestCassandraDynamicStore">
    <skipped/>
  </testcase>
  <testcase name="testDelete" time="0.0" classname="com.proofpoint.discovery.TestCassandraDynamicStore">
    <skipped/>
  </testcase>
  <testcase name="testDeleteThenReInsert" time="0.0" classname="com.proofpoint.discovery.TestCassandraDynamicStore">
    <skipped/>
  </testcase>
  <testcase name="testEmpty" time="0.0" classname="com.proofpoint.discovery.TestCassandraDynamicStore">
    <skipped/>
  </testcase>
  <testcase name="testExpires" time="0.0010" classname="com.proofpoint.discovery.TestCassandraDynamicStore">
    <skipped/>
  </testcase>
  <testcase name="testGetByType" time="0.0" classname="com.proofpoint.discovery.TestCassandraDynamicStore">
    <skipped/>
  </testcase>
  <testcase name="testGetByTypeAndPool" time="0.0" classname="com.proofpoint.discovery.TestCassandraDynamicStore">
    <skipped/>
  </testcase>
  <testcase name="testPutMultipleForDifferentNodes" time="0.0" classname="com.proofpoint.discovery.TestCassandraDynamicStore">
    <skipped/>
  </testcase>
  <testcase name="testPutMultipleForSameNode" time="0.0" classname="com.proofpoint.discovery.TestCassandraDynamicStore">
    <skipped/>
  </testcase>
  <testcase name="testPutSingle" time="0.0" classname="com.proofpoint.discovery.TestCassandraDynamicStore">
    <skipped/>
  </testcase>
  <testcase name="testReplace" time="0.0" classname="com.proofpoint.discovery.TestCassandraDynamicStore">
    <skipped/>
  </testcase>
  <testcase name="testReplaceExpired" time="0.0" classname="com.proofpoint.discovery.TestCassandraDynamicStore">
    <skipped/>
  </testcase>
  <testcase name="testUpdatesGCGraceSeconds" time="0.0030" classname="com.proofpoint.discovery.TestCassandraDynamicStoreInitialization">
    <failure type="java.lang.NoSuchMethodError" message="org.apache.cassandra.thrift.KsDef.&amp;lt;init&amp;gt;(Ljava/lang/String;Ljava/lang/String;ILjava/util/List;)V">
      <![CDATA[java.lang.NoSuchMethodError: org.apache.cassandra.thrift.KsDef.<init>(Ljava/lang/String;Ljava/lang/String;ILjava/util/List;)V
	at me.prettyprint.cassandra.service.ThriftKsDef.toThrift(ThriftKsDef.java:94)
	at me.prettyprint.cassandra.service.ThriftCluster$5.execute(ThriftCluster.java:101)
	at me.prettyprint.cassandra.service.ThriftCluster$5.execute(ThriftCluster.java:97)
	at me.prettyprint.cassandra.service.Operation.executeAndSetResult(Operation.java:101)
	at me.prettyprint.cassandra.connection.HConnectionManager.operateWithFailover(HConnectionManager.java:221)
	at me.prettyprint.cassandra.service.ThriftCluster.addKeyspace(ThriftCluster.java:107)
	at com.proofpoint.discovery.TestCassandraDynamicStoreInitialization.testUpdatesGCGraceSeconds(TestCassandraDynamicStoreInitialization.java:50)
	at org.apache.maven.surefire.testng.TestNGExecutor.run(TestNGExecutor.java:70)
	at org.apache.maven.surefire.testng.TestNGDirectoryTestSuite.executeMulti(TestNGDirectoryTestSuite.java:149)
	at org.apache.maven.surefire.testng.TestNGDirectoryTestSuite.execute(TestNGDirectoryTestSuite.java:95)
	at org.apache.maven.surefire.testng.TestNGProvider.invoke(TestNGProvider.java:114)
	at org.apache.maven.surefire.booter.ProviderFactory$ClassLoaderProxy.invoke(ProviderFactory.java:103)
	at $Proxy0.invoke(Unknown Source)
	at org.apache.maven.surefire.booter.SurefireStarter.invokeProvider(SurefireStarter.java:150)
	at org.apache.maven.surefire.booter.SurefireStarter.runSuitesInProcess(SurefireStarter.java:91)
	at org.apache.maven.surefire.booter.ForkedBooter.main(ForkedBooter.java:69)
... Removed 26 stack frames]]>
    </failure>
  </testcase>
  <testcase name="testEmpty" time="0.03" classname="com.proofpoint.discovery.TestCassandraPaginator"/>
  <testcase name="testMoreThanOnePageWithFullLastPage" time="0.0040" classname="com.proofpoint.discovery.TestCassandraPaginator"/>
  <testcase name="testMoreThanOnePageWithPartialLastPage" time="0.0" classname="com.proofpoint.discovery.TestCassandraPaginator"/>
  <testcase name="testOne" time="0.0" classname="com.proofpoint.discovery.TestCassandraPaginator"/>
  <testcase name="testOneFullPage" time="0.0010" classname="com.proofpoint.discovery.TestCassandraPaginator"/>
  <testcase name="testThrows" time="0.0" classname="com.proofpoint.discovery.TestCassandraPaginator"/>
  <testcase name="testDefaults" time="0.145" classname="com.proofpoint.discovery.TestCassandraStoreConfig"/>
  <testcase name="testExplicitPropertyMappings" time="0.155" classname="com.proofpoint.discovery.TestCassandraStoreConfig"/>
  <testcase name="testValidatesNotNullKeyspace" time="0.0070" classname="com.proofpoint.discovery.TestCassandraStoreConfig"/>
  <testcase name="testDefaults" time="0.032" classname="com.proofpoint.discovery.TestDiscoveryConfig"/>
  <testcase name="testExplicitPropertyMappings" time="0.0050" classname="com.proofpoint.discovery.TestDiscoveryConfig"/>
  <testcase name="testValidatesNotNullDuration" time="0.0010" classname="com.proofpoint.discovery.TestDiscoveryConfig"/>
  <testcase name="testDynamicAnnouncement" time="0.0" classname="com.proofpoint.discovery.TestDiscoveryServer">
    <skipped/>
  </testcase>
  <testcase name="testStaticAnnouncement" time="0.0" classname="com.proofpoint.discovery.TestDiscoveryServer">
    <skipped/>
  </testcase>
  <testcase name="testAllowsNullLocation" time="0.03" classname="com.proofpoint.discovery.TestDynamicAnnouncement"/>
  <testcase name="testParsing" time="0.086" classname="com.proofpoint.discovery.TestDynamicAnnouncement"/>
  <testcase name="testRejectsNullEnvironment" time="0.0020" classname="com.proofpoint.discovery.TestDynamicAnnouncement"/>
  <testcase name="testRejectsNullPool" time="0.0010" classname="com.proofpoint.discovery.TestDynamicAnnouncement"/>
  <testcase name="testRejectsNullServiceAnnouncements" time="0.0010" classname="com.proofpoint.discovery.TestDynamicAnnouncement"/>
  <testcase name="testToString" time="0.0010" classname="com.proofpoint.discovery.TestDynamicAnnouncement"/>
  <testcase name="testValidatesNestedServiceAnnouncements" time="0.0060" classname="com.proofpoint.discovery.TestDynamicAnnouncement"/>
  <testcase name="testDeleteExisting" time="0.135" classname="com.proofpoint.discovery.TestDynamicAnnouncementResource"/>
  <testcase name="testDeleteMissing" time="0.0" classname="com.proofpoint.discovery.TestDynamicAnnouncementResource"/>
  <testcase name="testEnvironmentConflict" time="0.014" classname="com.proofpoint.discovery.TestDynamicAnnouncementResource"/>
  <testcase name="testMakesUpLocation" time="0.0" classname="com.proofpoint.discovery.TestDynamicAnnouncementResource"/>
  <testcase name="testPutNew" time="0.0" classname="com.proofpoint.discovery.TestDynamicAnnouncementResource"/>
  <testcase name="testReplace" time="0.0010" classname="com.proofpoint.discovery.TestDynamicAnnouncementResource"/>
  <testcase name="testCreatesDefensiveCopyOfProperties" time="0.0" classname="com.proofpoint.discovery.TestDynamicServiceAnnouncement"/>
  <testcase name="testEquivalence" time="0.0040" classname="com.proofpoint.discovery.TestDynamicServiceAnnouncement"/>
  <testcase name="testImmutableProperties" time="0.0" classname="com.proofpoint.discovery.TestDynamicServiceAnnouncement"/>
  <testcase name="testParsing" time="0.0010" classname="com.proofpoint.discovery.TestDynamicServiceAnnouncement"/>
  <testcase name="testToString" time="0.0" classname="com.proofpoint.discovery.TestDynamicServiceAnnouncement"/>
  <testcase name="testValidatesNullId" time="0.0010" classname="com.proofpoint.discovery.TestDynamicServiceAnnouncement"/>
  <testcase name="testValidatesNullProperties" time="0.0010" classname="com.proofpoint.discovery.TestDynamicServiceAnnouncement"/>
  <testcase name="testValidatesNullType" time="0.0" classname="com.proofpoint.discovery.TestDynamicServiceAnnouncement"/>
  <testcase name="testDelete" time="0.0" classname="com.proofpoint.discovery.TestInMemoryDynamicStore">
    <skipped/>
  </testcase>
  <testcase name="testDeleteThenReInsert" time="0.0" classname="com.proofpoint.discovery.TestInMemoryDynamicStore">
    <skipped/>
  </testcase>
  <testcase name="testEmpty" time="0.0" classname="com.proofpoint.discovery.TestInMemoryDynamicStore">
    <skipped/>
  </testcase>
  <testcase name="testExpires" time="0.0" classname="com.proofpoint.discovery.TestInMemoryDynamicStore">
    <skipped/>
  </testcase>
  <testcase name="testGetByType" time="0.0" classname="com.proofpoint.discovery.TestInMemoryDynamicStore">
    <skipped/>
  </testcase>
  <testcase name="testGetByTypeAndPool" time="0.0" classname="com.proofpoint.discovery.TestInMemoryDynamicStore">
    <skipped/>
  </testcase>
  <testcase name="testPutMultipleForDifferentNodes" time="0.0" classname="com.proofpoint.discovery.TestInMemoryDynamicStore">
    <skipped/>
  </testcase>
  <testcase name="testPutMultipleForSameNode" time="0.0" classname="com.proofpoint.discovery.TestInMemoryDynamicStore">
    <skipped/>
  </testcase>
  <testcase name="testPutSingle" time="0.0" classname="com.proofpoint.discovery.TestInMemoryDynamicStore">
    <skipped/>
  </testcase>
  <testcase name="testReplace" time="0.0" classname="com.proofpoint.discovery.TestInMemoryDynamicStore">
    <skipped/>
  </testcase>
  <testcase name="testReplaceExpired" time="0.0" classname="com.proofpoint.discovery.TestInMemoryDynamicStore">
    <skipped/>
  </testcase>
  <testcase name="testFromJson" time="0.027" classname="com.proofpoint.discovery.TestId"/>
  <testcase name="testToJson" time="0.019" classname="com.proofpoint.discovery.TestId"/>
  <testcase name="testCreatesDefensiveCopyOfProperties" time="0.0010" classname="com.proofpoint.discovery.TestService"/>
  <testcase name="testEquivalence" time="0.0010" classname="com.proofpoint.discovery.TestService"/>
  <testcase name="testImmutableProperties" time="0.0" classname="com.proofpoint.discovery.TestService"/>
  <testcase name="testParseJson" time="0.0090" classname="com.proofpoint.discovery.TestService"/>
  <testcase name="testToJson" time="0.0050" classname="com.proofpoint.discovery.TestService"/>
  <testcase name="testValidatesIdNotNull" time="0.0" classname="com.proofpoint.discovery.TestService"/>
  <testcase name="testValidatesLocationNotNull" time="0.0010" classname="com.proofpoint.discovery.TestService"/>
  <testcase name="testValidatesPoolNotNull" time="0.0" classname="com.proofpoint.discovery.TestService"/>
  <testcase name="testValidatesPropertiesNotNull" time="0.0010" classname="com.proofpoint.discovery.TestService"/>
  <testcase name="testValidatesTypeNotNull" time="0.0" classname="com.proofpoint.discovery.TestService"/>
  <testcase name="testGetAll" time="0.0010" classname="com.proofpoint.discovery.TestServiceResource"/>
  <testcase name="testGetByType" time="0.0070" classname="com.proofpoint.discovery.TestServiceResource"/>
  <testcase name="testGetByTypeAndPool" time="0.0020" classname="com.proofpoint.discovery.TestServiceResource"/>
  <testcase name="testCreatesDefensiveCopyOfServices" time="0.0" classname="com.proofpoint.discovery.TestServices"/>
  <testcase name="testServicesSetIsImmutable" time="0.0010" classname="com.proofpoint.discovery.TestServices"/>
  <testcase name="testToJson" time="0.0070" classname="com.proofpoint.discovery.TestServices"/>
  <testcase name="testValidatesEnvironmentNotNull" time="0.0" classname="com.proofpoint.discovery.TestServices"/>
  <testcase name="testValidatesServicesNotNull" time="0.0" classname="com.proofpoint.discovery.TestServices"/>
  <testcase name="testBothInitializeProperly" time="0.0030" classname="com.proofpoint.discovery.TestStaticAndDynamicStores">
    <failure type="java.lang.NoSuchMethodError" message="org.apache.cassandra.thrift.KsDef.&amp;lt;init&amp;gt;(Ljava/lang/String;Ljava/lang/String;ILjava/util/List;)V">
      <![CDATA[java.lang.NoSuchMethodError: org.apache.cassandra.thrift.KsDef.<init>(Ljava/lang/String;Ljava/lang/String;ILjava/util/List;)V
	at me.prettyprint.cassandra.service.ThriftKsDef.toThrift(ThriftKsDef.java:94)
	at me.prettyprint.cassandra.service.ThriftCluster$5.execute(ThriftCluster.java:101)
	at me.prettyprint.cassandra.service.ThriftCluster$5.execute(ThriftCluster.java:97)
	at me.prettyprint.cassandra.service.Operation.executeAndSetResult(Operation.java:101)
	at me.prettyprint.cassandra.connection.HConnectionManager.operateWithFailover(HConnectionManager.java:221)
	at me.prettyprint.cassandra.service.ThriftCluster.addKeyspace(ThriftCluster.java:107)
	at com.proofpoint.discovery.CassandraStaticStore.<init>(CassandraStaticStore.java:68)
	at com.proofpoint.discovery.TestStaticAndDynamicStores.testBothInitializeProperly(TestStaticAndDynamicStores.java:29)
	at org.apache.maven.surefire.testng.TestNGExecutor.run(TestNGExecutor.java:70)
	at org.apache.maven.surefire.testng.TestNGDirectoryTestSuite.executeMulti(TestNGDirectoryTestSuite.java:149)
	at org.apache.maven.surefire.testng.TestNGDirectoryTestSuite.execute(TestNGDirectoryTestSuite.java:95)
	at org.apache.maven.surefire.testng.TestNGProvider.invoke(TestNGProvider.java:114)
	at org.apache.maven.surefire.booter.ProviderFactory$ClassLoaderProxy.invoke(ProviderFactory.java:103)
	at $Proxy0.invoke(Unknown Source)
	at org.apache.maven.surefire.booter.SurefireStarter.invokeProvider(SurefireStarter.java:150)
	at org.apache.maven.surefire.booter.SurefireStarter.runSuitesInProcess(SurefireStarter.java:91)
	at org.apache.maven.surefire.booter.ForkedBooter.main(ForkedBooter.java:69)
... Removed 26 stack frames]]>
    </failure>
  </testcase>
  <testcase name="testCreatesDefensiveCopyOfProperties" time="0.0" classname="com.proofpoint.discovery.TestStaticAnnouncement"/>
  <testcase name="testEquivalence" time="0.0010" classname="com.proofpoint.discovery.TestStaticAnnouncement"/>
  <testcase name="testImmutableProperties" time="0.0" classname="com.proofpoint.discovery.TestStaticAnnouncement"/>
  <testcase name="testParsing" time="0.0070" classname="com.proofpoint.discovery.TestStaticAnnouncement"/>
  <testcase name="testValidatesNullEnvironment" time="0.0080" classname="com.proofpoint.discovery.TestStaticAnnouncement"/>
  <testcase name="testValidatesNullPool" time="0.0" classname="com.proofpoint.discovery.TestStaticAnnouncement"/>
  <testcase name="testValidatesNullProperties" time="0.0010" classname="com.proofpoint.discovery.TestStaticAnnouncement"/>
  <testcase name="testValidatesNullType" time="0.0" classname="com.proofpoint.discovery.TestStaticAnnouncement"/>
  <testcase name="testDelete" time="0.0010" classname="com.proofpoint.discovery.TestStaticAnnouncementResource"/>
  <testcase name="testEnvironmentConflict" time="0.0" classname="com.proofpoint.discovery.TestStaticAnnouncementResource"/>
  <testcase name="testGet" time="0.0" classname="com.proofpoint.discovery.TestStaticAnnouncementResource"/>
  <testcase name="testMakesUpLocation" time="0.0090" classname="com.proofpoint.discovery.TestStaticAnnouncementResource"/>
  <testcase name="testPost" time="0.0010" classname="com.proofpoint.discovery.TestStaticAnnouncementResource"/>
  <testcase name="testCanHandleLotsOfServices" time="0.0" classname="com.proofpoint.discovery.TestCassandraStaticStore">
    <skipped/>
  </testcase>
  <testcase name="testDelete" time="0.0" classname="com.proofpoint.discovery.TestCassandraStaticStore">
    <skipped/>
  </testcase>
  <testcase name="testEmpty" time="0.0" classname="com.proofpoint.discovery.TestCassandraStaticStore">
    <skipped/>
  </testcase>
  <testcase name="testGetByType" time="0.0" classname="com.proofpoint.discovery.TestCassandraStaticStore">
    <skipped/>
  </testcase>
  <testcase name="testGetByTypeAndPool" time="0.0" classname="com.proofpoint.discovery.TestCassandraStaticStore">
    <skipped/>
  </testcase>
  <testcase name="testPutMultiple" time="0.0" classname="com.proofpoint.discovery.TestCassandraStaticStore">
    <skipped/>
  </testcase>
  <testcase name="testPutSingle" time="0.0" classname="com.proofpoint.discovery.TestCassandraStaticStore">
    <skipped/>
  </testcase>
  <testcase name="testCanHandleLotsOfServices" time="0.0" classname="com.proofpoint.discovery.TestInMemoryStaticStore">
    <skipped/>
  </testcase>
  <testcase name="testDelete" time="0.0" classname="com.proofpoint.discovery.TestInMemoryStaticStore">
    <skipped/>
  </testcase>
  <testcase name="testEmpty" time="0.0" classname="com.proofpoint.discovery.TestInMemoryStaticStore">
    <skipped/>
  </testcase>
  <testcase name="testGetByType" time="0.0" classname="com.proofpoint.discovery.TestInMemoryStaticStore">
    <skipped/>
  </testcase>
  <testcase name="testGetByTypeAndPool" time="0.0" classname="com.proofpoint.discovery.TestInMemoryStaticStore">
    <skipped/>
  </testcase>
  <testcase name="testPutMultiple" time="0.0" classname="com.proofpoint.discovery.TestInMemoryStaticStore">
    <skipped/>
  </testcase>
  <testcase name="testPutSingle" time="0.0" classname="com.proofpoint.discovery.TestInMemoryStaticStore">
    <skipped/>
  </testcase>
</testsuite>
