<?xml version="1.0" encoding="UTF-8"?>
<testng-results skipped="39" failed="2" total="107" passed="66">
  <reporter-output>
  </reporter-output>
  <suite name="Command line suite" duration-ms="3554" started-at="2011-08-05T16:39:55Z" finished-at="2011-08-05T16:39:58Z">
    <groups>
    </groups>
    <test name="Command line test" duration-ms="3554" started-at="2011-08-05T16:39:55Z" finished-at="2011-08-05T16:39:58Z">
      <class name="com.proofpoint.discovery.TestDynamicAnnouncement">
        <test-method status="PASS" signature="testAllowsNullLocation()" name="testAllowsNullLocation" duration-ms="30" started-at="2011-08-05T16:39:58Z" finished-at="2011-08-05T16:39:58Z">
        </test-method>
        <test-method status="PASS" signature="testParsing()" name="testParsing" duration-ms="86" started-at="2011-08-05T16:39:58Z" finished-at="2011-08-05T16:39:58Z">
        </test-method>
        <test-method status="PASS" signature="testRejectsNullEnvironment()" name="testRejectsNullEnvironment" duration-ms="2" started-at="2011-08-05T16:39:58Z" finished-at="2011-08-05T16:39:58Z">
        </test-method>
        <test-method status="PASS" signature="testRejectsNullPool()" name="testRejectsNullPool" duration-ms="1" started-at="2011-08-05T16:39:58Z" finished-at="2011-08-05T16:39:58Z">
        </test-method>
        <test-method status="PASS" signature="testRejectsNullServiceAnnouncements()" name="testRejectsNullServiceAnnouncements" duration-ms="1" started-at="2011-08-05T16:39:58Z" finished-at="2011-08-05T16:39:58Z">
        </test-method>
        <test-method status="PASS" signature="testToString()" name="testToString" duration-ms="1" started-at="2011-08-05T16:39:58Z" finished-at="2011-08-05T16:39:58Z">
        </test-method>
        <test-method status="PASS" signature="testValidatesNestedServiceAnnouncements()" name="testValidatesNestedServiceAnnouncements" duration-ms="6" started-at="2011-08-05T16:39:58Z" finished-at="2011-08-05T16:39:58Z">
        </test-method>
      </class>
      <class name="com.proofpoint.discovery.TestDynamicServiceAnnouncement">
        <test-method status="PASS" signature="testCreatesDefensiveCopyOfProperties()" name="testCreatesDefensiveCopyOfProperties" duration-ms="0" started-at="2011-08-05T16:39:58Z" finished-at="2011-08-05T16:39:58Z">
        </test-method>
        <test-method status="PASS" signature="testEquivalence()" name="testEquivalence" duration-ms="4" started-at="2011-08-05T16:39:58Z" finished-at="2011-08-05T16:39:58Z">
        </test-method>
        <test-method status="PASS" signature="testImmutableProperties()" name="testImmutableProperties" duration-ms="0" started-at="2011-08-05T16:39:58Z" finished-at="2011-08-05T16:39:58Z">
        </test-method>
        <test-method status="PASS" signature="testParsing()" name="testParsing" duration-ms="1" started-at="2011-08-05T16:39:58Z" finished-at="2011-08-05T16:39:58Z">
        </test-method>
        <test-method status="PASS" signature="testValidatesNullId()" name="testValidatesNullId" duration-ms="1" started-at="2011-08-05T16:39:58Z" finished-at="2011-08-05T16:39:58Z">
        </test-method>
        <test-method status="PASS" signature="testToString()" name="testToString" duration-ms="0" started-at="2011-08-05T16:39:58Z" finished-at="2011-08-05T16:39:58Z">
        </test-method>
        <test-method status="PASS" signature="testValidatesNullProperties()" name="testValidatesNullProperties" duration-ms="1" started-at="2011-08-05T16:39:58Z" finished-at="2011-08-05T16:39:58Z">
        </test-method>
        <test-method status="PASS" signature="testValidatesNullType()" name="testValidatesNullType" duration-ms="0" started-at="2011-08-05T16:39:58Z" finished-at="2011-08-05T16:39:58Z">
        </test-method>
      </class>
      <class name="com.proofpoint.discovery.TestCassandraPaginator">
        <test-method status="PASS" signature="testEmpty()" name="testEmpty" duration-ms="30" started-at="2011-08-05T16:39:56Z" finished-at="2011-08-05T16:39:56Z">
        </test-method>
        <test-method status="PASS" signature="testMoreThanOnePageWithFullLastPage()" name="testMoreThanOnePageWithFullLastPage" duration-ms="4" started-at="2011-08-05T16:39:56Z" finished-at="2011-08-05T16:39:56Z">
        </test-method>
        <test-method status="PASS" signature="testOne()" name="testOne" duration-ms="0" started-at="2011-08-05T16:39:56Z" finished-at="2011-08-05T16:39:56Z">
        </test-method>
        <test-method status="PASS" signature="testOneFullPage()" name="testOneFullPage" duration-ms="1" started-at="2011-08-05T16:39:56Z" finished-at="2011-08-05T16:39:56Z">
        </test-method>
        <test-method status="PASS" signature="testMoreThanOnePageWithPartialLastPage()" name="testMoreThanOnePageWithPartialLastPage" duration-ms="0" started-at="2011-08-05T16:39:56Z" finished-at="2011-08-05T16:39:56Z">
        </test-method>
        <test-method status="PASS" signature="testThrows()" name="testThrows" duration-ms="0" started-at="2011-08-05T16:39:56Z" finished-at="2011-08-05T16:39:56Z">
          <exception class="java.util.NoSuchElementException">
            <full-stacktrace>
              <![CDATA[java.util.NoSuchElementException
	at com.proofpoint.discovery.CassandraPaginator$QueryIterator.next(CassandraPaginator.java:60)
	at com.proofpoint.discovery.CassandraPaginator$QueryIterator.next(CassandraPaginator.java:27)
	at com.proofpoint.discovery.TestCassandraPaginator.testThrows(TestCassandraPaginator.java:57)
	at sun.reflect.NativeMethodAccessorImpl.invoke0(Native Method)
	at sun.reflect.NativeMethodAccessorImpl.invoke(NativeMethodAccessorImpl.java:39)
	at sun.reflect.DelegatingMethodAccessorImpl.invoke(DelegatingMethodAccessorImpl.java:25)
	at java.lang.reflect.Method.invoke(Method.java:597)
	at org.testng.internal.MethodInvocationHelper.invokeMethod(MethodInvocationHelper.java:76)
	at org.testng.internal.Invoker.invokeMethod(Invoker.java:673)
	at org.testng.internal.Invoker.invokeTestMethod(Invoker.java:846)
	at org.testng.internal.Invoker.invokeTestMethods(Invoker.java:1170)
	at org.testng.internal.TestMethodWorker.invokeTestMethods(TestMethodWorker.java:125)
	at org.testng.internal.TestMethodWorker.run(TestMethodWorker.java:109)
	at org.testng.TestRunner.runWorkers(TestRunner.java:1147)
	at org.testng.TestRunner.privateRun(TestRunner.java:749)
	at org.testng.TestRunner.run(TestRunner.java:600)
	at org.testng.SuiteRunner.runTest(SuiteRunner.java:317)
	at org.testng.SuiteRunner.runSequentially(SuiteRunner.java:312)
	at org.testng.SuiteRunner.privateRun(SuiteRunner.java:274)
	at org.testng.SuiteRunner.run(SuiteRunner.java:223)
	at org.testng.SuiteRunnerWorker.runSuite(SuiteRunnerWorker.java:52)
	at org.testng.SuiteRunnerWorker.run(SuiteRunnerWorker.java:86)
	at org.testng.TestNG.runSuitesSequentially(TestNG.java:1039)
	at org.testng.TestNG.runSuitesLocally(TestNG.java:964)
	at org.testng.TestNG.run(TestNG.java:900)
	at org.apache.maven.surefire.testng.TestNGExecutor.run(TestNGExecutor.java:70)
	at org.apache.maven.surefire.testng.TestNGDirectoryTestSuite.executeMulti(TestNGDirectoryTestSuite.java:149)
	at org.apache.maven.surefire.testng.TestNGDirectoryTestSuite.execute(TestNGDirectoryTestSuite.java:95)
	at org.apache.maven.surefire.testng.TestNGProvider.invoke(TestNGProvider.java:114)
	at sun.reflect.NativeMethodAccessorImpl.invoke0(Native Method)
	at sun.reflect.NativeMethodAccessorImpl.invoke(NativeMethodAccessorImpl.java:39)
	at sun.reflect.DelegatingMethodAccessorImpl.invoke(DelegatingMethodAccessorImpl.java:25)
	at java.lang.reflect.Method.invoke(Method.java:597)
	at org.apache.maven.surefire.booter.ProviderFactory$ClassLoaderProxy.invoke(ProviderFactory.java:103)
	at $Proxy0.invoke(Unknown Source)
	at org.apache.maven.surefire.booter.SurefireStarter.invokeProvider(SurefireStarter.java:150)
	at org.apache.maven.surefire.booter.SurefireStarter.runSuitesInProcess(SurefireStarter.java:91)
	at org.apache.maven.surefire.booter.ForkedBooter.main(ForkedBooter.java:69)
]]>
            </full-stacktrace>
          </exception>
        </test-method>
      </class>
      <class name="com.proofpoint.discovery.TestStaticAndDynamicStores">
        <test-method status="FAIL" signature="testBothInitializeProperly()" name="testBothInitializeProperly" duration-ms="3" started-at="2011-08-05T16:39:58Z" finished-at="2011-08-05T16:39:58Z">
          <exception class="java.lang.NoSuchMethodError">
            <message>
              <![CDATA[org.apache.cassandra.thrift.KsDef.<init>(Ljava/lang/String;Ljava/lang/String;ILjava/util/List;)V]]>
            </message>
            <full-stacktrace>
              <![CDATA[java.lang.NoSuchMethodError: org.apache.cassandra.thrift.KsDef.<init>(Ljava/lang/String;Ljava/lang/String;ILjava/util/List;)V
	at me.prettyprint.cassandra.service.ThriftKsDef.toThrift(ThriftKsDef.java:94)
	at me.prettyprint.cassandra.service.ThriftCluster$5.execute(ThriftCluster.java:101)
	at me.prettyprint.cassandra.service.ThriftCluster$5.execute(ThriftCluster.java:97)
	at me.prettyprint.cassandra.service.Operation.executeAndSetResult(Operation.java:101)
	at me.prettyprint.cassandra.connection.HConnectionManager.operateWithFailover(HConnectionManager.java:221)
	at me.prettyprint.cassandra.service.ThriftCluster.addKeyspace(ThriftCluster.java:107)
	at com.proofpoint.discovery.CassandraStaticStore.<init>(CassandraStaticStore.java:68)
	at com.proofpoint.discovery.TestStaticAndDynamicStores.testBothInitializeProperly(TestStaticAndDynamicStores.java:29)
	at sun.reflect.NativeMethodAccessorImpl.invoke0(Native Method)
	at sun.reflect.NativeMethodAccessorImpl.invoke(NativeMethodAccessorImpl.java:39)
	at sun.reflect.DelegatingMethodAccessorImpl.invoke(DelegatingMethodAccessorImpl.java:25)
	at java.lang.reflect.Method.invoke(Method.java:597)
	at org.testng.internal.MethodInvocationHelper.invokeMethod(MethodInvocationHelper.java:76)
	at org.testng.internal.Invoker.invokeMethod(Invoker.java:673)
	at org.testng.internal.Invoker.invokeTestMethod(Invoker.java:846)
	at org.testng.internal.Invoker.invokeTestMethods(Invoker.java:1170)
	at org.testng.internal.TestMethodWorker.invokeTestMethods(TestMethodWorker.java:125)
	at org.testng.internal.TestMethodWorker.run(TestMethodWorker.java:109)
	at org.testng.TestRunner.runWorkers(TestRunner.java:1147)
	at org.testng.TestRunner.privateRun(TestRunner.java:749)
	at org.testng.TestRunner.run(TestRunner.java:600)
	at org.testng.SuiteRunner.runTest(SuiteRunner.java:317)
	at org.testng.SuiteRunner.runSequentially(SuiteRunner.java:312)
	at org.testng.SuiteRunner.privateRun(SuiteRunner.java:274)
	at org.testng.SuiteRunner.run(SuiteRunner.java:223)
	at org.testng.SuiteRunnerWorker.runSuite(SuiteRunnerWorker.java:52)
	at org.testng.SuiteRunnerWorker.run(SuiteRunnerWorker.java:86)
	at org.testng.TestNG.runSuitesSequentially(TestNG.java:1039)
	at org.testng.TestNG.runSuitesLocally(TestNG.java:964)
	at org.testng.TestNG.run(TestNG.java:900)
	at org.apache.maven.surefire.testng.TestNGExecutor.run(TestNGExecutor.java:70)
	at org.apache.maven.surefire.testng.TestNGDirectoryTestSuite.executeMulti(TestNGDirectoryTestSuite.java:149)
	at org.apache.maven.surefire.testng.TestNGDirectoryTestSuite.execute(TestNGDirectoryTestSuite.java:95)
	at org.apache.maven.surefire.testng.TestNGProvider.invoke(TestNGProvider.java:114)
	at sun.reflect.NativeMethodAccessorImpl.invoke0(Native Method)
	at sun.reflect.NativeMethodAccessorImpl.invoke(NativeMethodAccessorImpl.java:39)
	at sun.reflect.DelegatingMethodAccessorImpl.invoke(DelegatingMethodAccessorImpl.java:25)
	at java.lang.reflect.Method.invoke(Method.java:597)
	at org.apache.maven.surefire.booter.ProviderFactory$ClassLoaderProxy.invoke(ProviderFactory.java:103)
	at $Proxy0.invoke(Unknown Source)
	at org.apache.maven.surefire.booter.SurefireStarter.invokeProvider(SurefireStarter.java:150)
	at org.apache.maven.surefire.booter.SurefireStarter.runSuitesInProcess(SurefireStarter.java:91)
	at org.apache.maven.surefire.booter.ForkedBooter.main(ForkedBooter.java:69)
]]>
            </full-stacktrace>
          </exception>
        </test-method>
      </class>
      <class name="com.proofpoint.discovery.TestDiscoveryServer">
        <test-method status="FAIL" signature="setup()" name="setup" is-config="true" duration-ms="0" started-at="2011-08-05T16:39:57Z" finished-at="2011-08-05T16:39:57Z">
          <exception class="com.google.inject.ProvisionException">
            <message>
              <![CDATA[Guice provision errors:

1) Error injecting constructor, java.lang.NoSuchMethodError: org.apache.cassandra.thrift.KsDef.<init>(Ljava/lang/String;Ljava/lang/String;ILjava/util/List;)V
  at com.proofpoint.discovery.CassandraDynamicStore.<init>(CassandraDynamicStore.java:75)
  at com.proofpoint.discovery.DiscoveryModule.configure(DiscoveryModule.java:29)
  while locating com.proofpoint.discovery.CassandraDynamicStore

1 error]]>
            </message>
            <full-stacktrace>
              <![CDATA[com.google.inject.ProvisionException: Guice provision errors:

1) Error injecting constructor, java.lang.NoSuchMethodError: org.apache.cassandra.thrift.KsDef.<init>(Ljava/lang/String;Ljava/lang/String;ILjava/util/List;)V
  at com.proofpoint.discovery.CassandraDynamicStore.<init>(CassandraDynamicStore.java:75)
  at com.proofpoint.discovery.DiscoveryModule.configure(DiscoveryModule.java:29)
  while locating com.proofpoint.discovery.CassandraDynamicStore

1 error
	at com.google.inject.internal.InjectorImpl$4.get(InjectorImpl.java:987)
	at com.google.inject.internal.InjectorImpl.getInstance(InjectorImpl.java:1013)
	at com.proofpoint.discovery.TestDiscoveryServer.setup(TestDiscoveryServer.java:84)
	at sun.reflect.NativeMethodAccessorImpl.invoke0(Native Method)
	at sun.reflect.NativeMethodAccessorImpl.invoke(NativeMethodAccessorImpl.java:39)
	at sun.reflect.DelegatingMethodAccessorImpl.invoke(DelegatingMethodAccessorImpl.java:25)
	at java.lang.reflect.Method.invoke(Method.java:597)
	at org.testng.internal.MethodInvocationHelper.invokeMethod(MethodInvocationHelper.java:76)
	at org.testng.internal.Invoker.invokeConfigurationMethod(Invoker.java:525)
	at org.testng.internal.Invoker.invokeConfigurations(Invoker.java:202)
	at org.testng.internal.Invoker.invokeMethod(Invoker.java:613)
	at org.testng.internal.Invoker.invokeTestMethod(Invoker.java:846)
	at org.testng.internal.Invoker.invokeTestMethods(Invoker.java:1170)
	at org.testng.internal.TestMethodWorker.invokeTestMethods(TestMethodWorker.java:125)
	at org.testng.internal.TestMethodWorker.run(TestMethodWorker.java:109)
	at org.testng.TestRunner.runWorkers(TestRunner.java:1147)
	at org.testng.TestRunner.privateRun(TestRunner.java:749)
	at org.testng.TestRunner.run(TestRunner.java:600)
	at org.testng.SuiteRunner.runTest(SuiteRunner.java:317)
	at org.testng.SuiteRunner.runSequentially(SuiteRunner.java:312)
	at org.testng.SuiteRunner.privateRun(SuiteRunner.java:274)
	at org.testng.SuiteRunner.run(SuiteRunner.java:223)
	at org.testng.SuiteRunnerWorker.runSuite(SuiteRunnerWorker.java:52)
	at org.testng.SuiteRunnerWorker.run(SuiteRunnerWorker.java:86)
	at org.testng.TestNG.runSuitesSequentially(TestNG.java:1039)
	at org.testng.TestNG.runSuitesLocally(TestNG.java:964)
	at org.testng.TestNG.run(TestNG.java:900)
	at org.apache.maven.surefire.testng.TestNGExecutor.run(TestNGExecutor.java:70)
	at org.apache.maven.surefire.testng.TestNGDirectoryTestSuite.executeMulti(TestNGDirectoryTestSuite.java:149)
	at org.apache.maven.surefire.testng.TestNGDirectoryTestSuite.execute(TestNGDirectoryTestSuite.java:95)
	at org.apache.maven.surefire.testng.TestNGProvider.invoke(TestNGProvider.java:114)
	at sun.reflect.NativeMethodAccessorImpl.invoke0(Native Method)
	at sun.reflect.NativeMethodAccessorImpl.invoke(NativeMethodAccessorImpl.java:39)
	at sun.reflect.DelegatingMethodAccessorImpl.invoke(DelegatingMethodAccessorImpl.java:25)
	at java.lang.reflect.Method.invoke(Method.java:597)
	at org.apache.maven.surefire.booter.ProviderFactory$ClassLoaderProxy.invoke(ProviderFactory.java:103)
	at $Proxy0.invoke(Unknown Source)
	at org.apache.maven.surefire.booter.SurefireStarter.invokeProvider(SurefireStarter.java:150)
	at org.apache.maven.surefire.booter.SurefireStarter.runSuitesInProcess(SurefireStarter.java:91)
	at org.apache.maven.surefire.booter.ForkedBooter.main(ForkedBooter.java:69)
Caused by: java.lang.NoSuchMethodError: org.apache.cassandra.thrift.KsDef.<init>(Ljava/lang/String;Ljava/lang/String;ILjava/util/List;)V
	at me.prettyprint.cassandra.service.ThriftKsDef.toThrift(ThriftKsDef.java:94)
	at me.prettyprint.cassandra.service.ThriftCluster$5.execute(ThriftCluster.java:101)
	at me.prettyprint.cassandra.service.ThriftCluster$5.execute(ThriftCluster.java:97)
	at me.prettyprint.cassandra.service.Operation.executeAndSetResult(Operation.java:101)
	at me.prettyprint.cassandra.connection.HConnectionManager.operateWithFailover(HConnectionManager.java:221)
	at me.prettyprint.cassandra.service.ThriftCluster.addKeyspace(ThriftCluster.java:107)
	at com.proofpoint.discovery.CassandraDynamicStore.<init>(CassandraDynamicStore.java:82)
	at com.proofpoint.discovery.CassandraDynamicStore$$FastClassByGuice$$627d0357.newInstance(<generated>)
	at com.google.inject.internal.cglib.reflect.$FastConstructor.newInstance(FastConstructor.java:40)
	at com.google.inject.internal.DefaultConstructionProxyFactory$1.newInstance(DefaultConstructionProxyFactory.java:60)
	at com.google.inject.internal.ConstructorInjector.construct(ConstructorInjector.java:85)
	at com.google.inject.internal.ConstructorBindingImpl$Factory.get(ConstructorBindingImpl.java:254)
	at com.google.inject.internal.ProviderToInternalFactoryAdapter$1.call(ProviderToInternalFactoryAdapter.java:46)
	at com.google.inject.internal.InjectorImpl.callInContext(InjectorImpl.java:1031)
	at com.google.inject.internal.ProviderToInternalFactoryAdapter.get(ProviderToInternalFactoryAdapter.java:40)
	at com.google.inject.Scopes$1$1.get(Scopes.java:65)
	at com.google.inject.internal.InternalFactoryToProviderAdapter.get(InternalFactoryToProviderAdapter.java:40)
	at com.google.inject.internal.InjectorImpl$4$1.call(InjectorImpl.java:978)
	at com.google.inject.internal.InjectorImpl.callInContext(InjectorImpl.java:1024)
	at com.google.inject.internal.InjectorImpl$4.get(InjectorImpl.java:974)
	... 39 more
]]>
            </full-stacktrace>
          </exception>
        </test-method>
        <test-method status="SKIP" signature="teardown()" name="teardown" is-config="true" duration-ms="0" started-at="2011-08-05T16:39:58Z" finished-at="2011-08-05T16:39:58Z">
        </test-method>
        <test-method status="SKIP" signature="testDynamicAnnouncement()" name="testDynamicAnnouncement" duration-ms="0" started-at="2011-08-05T16:39:58Z" finished-at="2011-08-05T16:39:58Z">
        </test-method>
        <test-method status="SKIP" signature="setup()" name="setup" is-config="true" duration-ms="0" started-at="2011-08-05T16:39:58Z" finished-at="2011-08-05T16:39:58Z">
        </test-method>
        <test-method status="SKIP" signature="testStaticAnnouncement()" name="testStaticAnnouncement" duration-ms="0" started-at="2011-08-05T16:39:58Z" finished-at="2011-08-05T16:39:58Z">
        </test-method>
        <test-method status="SKIP" signature="teardown()" name="teardown" is-config="true" duration-ms="0" started-at="2011-08-05T16:39:58Z" finished-at="2011-08-05T16:39:58Z">
        </test-method>
      </class>
      <class name="com.proofpoint.discovery.TestServices">
        <test-method status="PASS" signature="testServicesSetIsImmutable()" name="testServicesSetIsImmutable" duration-ms="1" started-at="2011-08-05T16:39:58Z" finished-at="2011-08-05T16:39:58Z">
        </test-method>
        <test-method status="PASS" signature="testCreatesDefensiveCopyOfServices()" name="testCreatesDefensiveCopyOfServices" duration-ms="0" started-at="2011-08-05T16:39:58Z" finished-at="2011-08-05T16:39:58Z">
        </test-method>
        <test-method status="PASS" signature="testToJson()" name="testToJson" duration-ms="7" started-at="2011-08-05T16:39:58Z" finished-at="2011-08-05T16:39:58Z">
        </test-method>
        <test-method status="PASS" signature="testValidatesServicesNotNull()" name="testValidatesServicesNotNull" duration-ms="0" started-at="2011-08-05T16:39:58Z" finished-at="2011-08-05T16:39:58Z">
          <exception class="java.lang.NullPointerException">
            <message>
              <![CDATA[services is null]]>
            </message>
            <full-stacktrace>
              <![CDATA[java.lang.NullPointerException: services is null
	at com.google.common.base.Preconditions.checkNotNull(Preconditions.java:204)
	at com.proofpoint.discovery.Services.<init>(Services.java:19)
	at com.proofpoint.discovery.TestServices.testValidatesServicesNotNull(TestServices.java:77)
	at sun.reflect.NativeMethodAccessorImpl.invoke0(Native Method)
	at sun.reflect.NativeMethodAccessorImpl.invoke(NativeMethodAccessorImpl.java:39)
	at sun.reflect.DelegatingMethodAccessorImpl.invoke(DelegatingMethodAccessorImpl.java:25)
	at java.lang.reflect.Method.invoke(Method.java:597)
	at org.testng.internal.MethodInvocationHelper.invokeMethod(MethodInvocationHelper.java:76)
	at org.testng.internal.Invoker.invokeMethod(Invoker.java:673)
	at org.testng.internal.Invoker.invokeTestMethod(Invoker.java:846)
	at org.testng.internal.Invoker.invokeTestMethods(Invoker.java:1170)
	at org.testng.internal.TestMethodWorker.invokeTestMethods(TestMethodWorker.java:125)
	at org.testng.internal.TestMethodWorker.run(TestMethodWorker.java:109)
	at org.testng.TestRunner.runWorkers(TestRunner.java:1147)
	at org.testng.TestRunner.privateRun(TestRunner.java:749)
	at org.testng.TestRunner.run(TestRunner.java:600)
	at org.testng.SuiteRunner.runTest(SuiteRunner.java:317)
	at org.testng.SuiteRunner.runSequentially(SuiteRunner.java:312)
	at org.testng.SuiteRunner.privateRun(SuiteRunner.java:274)
	at org.testng.SuiteRunner.run(SuiteRunner.java:223)
	at org.testng.SuiteRunnerWorker.runSuite(SuiteRunnerWorker.java:52)
	at org.testng.SuiteRunnerWorker.run(SuiteRunnerWorker.java:86)
	at org.testng.TestNG.runSuitesSequentially(TestNG.java:1039)
	at org.testng.TestNG.runSuitesLocally(TestNG.java:964)
	at org.testng.TestNG.run(TestNG.java:900)
	at org.apache.maven.surefire.testng.TestNGExecutor.run(TestNGExecutor.java:70)
	at org.apache.maven.surefire.testng.TestNGDirectoryTestSuite.executeMulti(TestNGDirectoryTestSuite.java:149)
	at org.apache.maven.surefire.testng.TestNGDirectoryTestSuite.execute(TestNGDirectoryTestSuite.java:95)
	at org.apache.maven.surefire.testng.TestNGProvider.invoke(TestNGProvider.java:114)
	at sun.reflect.NativeMethodAccessorImpl.invoke0(Native Method)
	at sun.reflect.NativeMethodAccessorImpl.invoke(NativeMethodAccessorImpl.java:39)
	at sun.reflect.DelegatingMethodAccessorImpl.invoke(DelegatingMethodAccessorImpl.java:25)
	at java.lang.reflect.Method.invoke(Method.java:597)
	at org.apache.maven.surefire.booter.ProviderFactory$ClassLoaderProxy.invoke(ProviderFactory.java:103)
	at $Proxy0.invoke(Unknown Source)
	at org.apache.maven.surefire.booter.SurefireStarter.invokeProvider(SurefireStarter.java:150)
	at org.apache.maven.surefire.booter.SurefireStarter.runSuitesInProcess(SurefireStarter.java:91)
	at org.apache.maven.surefire.booter.ForkedBooter.main(ForkedBooter.java:69)
]]>
            </full-stacktrace>
          </exception>
        </test-method>
        <test-method status="PASS" signature="testValidatesEnvironmentNotNull()" name="testValidatesEnvironmentNotNull" duration-ms="0" started-at="2011-08-05T16:39:58Z" finished-at="2011-08-05T16:39:58Z">
          <exception class="java.lang.NullPointerException">
            <message>
              <![CDATA[environment is null]]>
            </message>
            <full-stacktrace>
              <![CDATA[java.lang.NullPointerException: environment is null
	at com.google.common.base.Preconditions.checkNotNull(Preconditions.java:204)
	at com.proofpoint.discovery.Services.<init>(Services.java:18)
	at com.proofpoint.discovery.TestServices.testValidatesEnvironmentNotNull(TestServices.java:71)
	at sun.reflect.NativeMethodAccessorImpl.invoke0(Native Method)
	at sun.reflect.NativeMethodAccessorImpl.invoke(NativeMethodAccessorImpl.java:39)
	at sun.reflect.DelegatingMethodAccessorImpl.invoke(DelegatingMethodAccessorImpl.java:25)
	at java.lang.reflect.Method.invoke(Method.java:597)
	at org.testng.internal.MethodInvocationHelper.invokeMethod(MethodInvocationHelper.java:76)
	at org.testng.internal.Invoker.invokeMethod(Invoker.java:673)
	at org.testng.internal.Invoker.invokeTestMethod(Invoker.java:846)
	at org.testng.internal.Invoker.invokeTestMethods(Invoker.java:1170)
	at org.testng.internal.TestMethodWorker.invokeTestMethods(TestMethodWorker.java:125)
	at org.testng.internal.TestMethodWorker.run(TestMethodWorker.java:109)
	at org.testng.TestRunner.runWorkers(TestRunner.java:1147)
	at org.testng.TestRunner.privateRun(TestRunner.java:749)
	at org.testng.TestRunner.run(TestRunner.java:600)
	at org.testng.SuiteRunner.runTest(SuiteRunner.java:317)
	at org.testng.SuiteRunner.runSequentially(SuiteRunner.java:312)
	at org.testng.SuiteRunner.privateRun(SuiteRunner.java:274)
	at org.testng.SuiteRunner.run(SuiteRunner.java:223)
	at org.testng.SuiteRunnerWorker.runSuite(SuiteRunnerWorker.java:52)
	at org.testng.SuiteRunnerWorker.run(SuiteRunnerWorker.java:86)
	at org.testng.TestNG.runSuitesSequentially(TestNG.java:1039)
	at org.testng.TestNG.runSuitesLocally(TestNG.java:964)
	at org.testng.TestNG.run(TestNG.java:900)
	at org.apache.maven.surefire.testng.TestNGExecutor.run(TestNGExecutor.java:70)
	at org.apache.maven.surefire.testng.TestNGDirectoryTestSuite.executeMulti(TestNGDirectoryTestSuite.java:149)
	at org.apache.maven.surefire.testng.TestNGDirectoryTestSuite.execute(TestNGDirectoryTestSuite.java:95)
	at org.apache.maven.surefire.testng.TestNGProvider.invoke(TestNGProvider.java:114)
	at sun.reflect.NativeMethodAccessorImpl.invoke0(Native Method)
	at sun.reflect.NativeMethodAccessorImpl.invoke(NativeMethodAccessorImpl.java:39)
	at sun.reflect.DelegatingMethodAccessorImpl.invoke(DelegatingMethodAccessorImpl.java:25)
	at java.lang.reflect.Method.invoke(Method.java:597)
	at org.apache.maven.surefire.booter.ProviderFactory$ClassLoaderProxy.invoke(ProviderFactory.java:103)
	at $Proxy0.invoke(Unknown Source)
	at org.apache.maven.surefire.booter.SurefireStarter.invokeProvider(SurefireStarter.java:150)
	at org.apache.maven.surefire.booter.SurefireStarter.runSuitesInProcess(SurefireStarter.java:91)
	at org.apache.maven.surefire.booter.ForkedBooter.main(ForkedBooter.java:69)
]]>
            </full-stacktrace>
          </exception>
        </test-method>
      </class>
      <class name="com.proofpoint.discovery.TestCassandraStaticStore">
        <test-method status="FAIL" signature="setup()" name="setup" is-config="true" duration-ms="0" started-at="2011-08-05T16:39:58Z" finished-at="2011-08-05T16:39:58Z">
          <exception class="java.lang.NoSuchMethodError">
            <message>
              <![CDATA[org.apache.cassandra.thrift.KsDef.<init>(Ljava/lang/String;Ljava/lang/String;ILjava/util/List;)V]]>
            </message>
            <full-stacktrace>
              <![CDATA[java.lang.NoSuchMethodError: org.apache.cassandra.thrift.KsDef.<init>(Ljava/lang/String;Ljava/lang/String;ILjava/util/List;)V
	at me.prettyprint.cassandra.service.ThriftKsDef.toThrift(ThriftKsDef.java:94)
	at me.prettyprint.cassandra.service.ThriftCluster$5.execute(ThriftCluster.java:101)
	at me.prettyprint.cassandra.service.ThriftCluster$5.execute(ThriftCluster.java:97)
	at me.prettyprint.cassandra.service.Operation.executeAndSetResult(Operation.java:101)
	at me.prettyprint.cassandra.connection.HConnectionManager.operateWithFailover(HConnectionManager.java:221)
	at me.prettyprint.cassandra.service.ThriftCluster.addKeyspace(ThriftCluster.java:107)
	at com.proofpoint.discovery.CassandraStaticStore.<init>(CassandraStaticStore.java:68)
	at com.proofpoint.discovery.TestCassandraStaticStore.initializeStore(TestCassandraStaticStore.java:28)
	at com.proofpoint.discovery.TestStaticStore.setup(TestStaticStore.java:28)
	at sun.reflect.NativeMethodAccessorImpl.invoke0(Native Method)
	at sun.reflect.NativeMethodAccessorImpl.invoke(NativeMethodAccessorImpl.java:39)
	at sun.reflect.DelegatingMethodAccessorImpl.invoke(DelegatingMethodAccessorImpl.java:25)
	at java.lang.reflect.Method.invoke(Method.java:597)
	at org.testng.internal.MethodInvocationHelper.invokeMethod(MethodInvocationHelper.java:76)
	at org.testng.internal.Invoker.invokeConfigurationMethod(Invoker.java:525)
	at org.testng.internal.Invoker.invokeConfigurations(Invoker.java:202)
	at org.testng.internal.Invoker.invokeMethod(Invoker.java:613)
	at org.testng.internal.Invoker.invokeTestMethod(Invoker.java:846)
	at org.testng.internal.Invoker.invokeTestMethods(Invoker.java:1170)
	at org.testng.internal.TestMethodWorker.invokeTestMethods(TestMethodWorker.java:125)
	at org.testng.internal.TestMethodWorker.run(TestMethodWorker.java:109)
	at org.testng.TestRunner.runWorkers(TestRunner.java:1147)
	at org.testng.TestRunner.privateRun(TestRunner.java:749)
	at org.testng.TestRunner.run(TestRunner.java:600)
	at org.testng.SuiteRunner.runTest(SuiteRunner.java:317)
	at org.testng.SuiteRunner.runSequentially(SuiteRunner.java:312)
	at org.testng.SuiteRunner.privateRun(SuiteRunner.java:274)
	at org.testng.SuiteRunner.run(SuiteRunner.java:223)
	at org.testng.SuiteRunnerWorker.runSuite(SuiteRunnerWorker.java:52)
	at org.testng.SuiteRunnerWorker.run(SuiteRunnerWorker.java:86)
	at org.testng.TestNG.runSuitesSequentially(TestNG.java:1039)
	at org.testng.TestNG.runSuitesLocally(TestNG.java:964)
	at org.testng.TestNG.run(TestNG.java:900)
	at org.apache.maven.surefire.testng.TestNGExecutor.run(TestNGExecutor.java:70)
	at org.apache.maven.surefire.testng.TestNGDirectoryTestSuite.executeMulti(TestNGDirectoryTestSuite.java:149)
	at org.apache.maven.surefire.testng.TestNGDirectoryTestSuite.execute(TestNGDirectoryTestSuite.java:95)
	at org.apache.maven.surefire.testng.TestNGProvider.invoke(TestNGProvider.java:114)
	at sun.reflect.NativeMethodAccessorImpl.invoke0(Native Method)
	at sun.reflect.NativeMethodAccessorImpl.invoke(NativeMethodAccessorImpl.java:39)
	at sun.reflect.DelegatingMethodAccessorImpl.invoke(DelegatingMethodAccessorImpl.java:25)
	at java.lang.reflect.Method.invoke(Method.java:597)
	at org.apache.maven.surefire.booter.ProviderFactory$ClassLoaderProxy.invoke(ProviderFactory.java:103)
	at $Proxy0.invoke(Unknown Source)
	at org.apache.maven.surefire.booter.SurefireStarter.invokeProvider(SurefireStarter.java:150)
	at org.apache.maven.surefire.booter.SurefireStarter.runSuitesInProcess(SurefireStarter.java:91)
	at org.apache.maven.surefire.booter.ForkedBooter.main(ForkedBooter.java:69)
]]>
            </full-stacktrace>
          </exception>
        </test-method>
        <test-method status="SKIP" signature="testDelete()" name="testDelete" duration-ms="0" started-at="2011-08-05T16:39:58Z" finished-at="2011-08-05T16:39:58Z">
        </test-method>
        <test-method status="SKIP" signature="setup()" name="setup" is-config="true" duration-ms="0" started-at="2011-08-05T16:39:58Z" finished-at="2011-08-05T16:39:58Z">
        </test-method>
        <test-method status="SKIP" signature="testEmpty()" name="testEmpty" duration-ms="0" started-at="2011-08-05T16:39:58Z" finished-at="2011-08-05T16:39:58Z">
        </test-method>
        <test-method status="SKIP" signature="testCanHandleLotsOfServices()" name="testCanHandleLotsOfServices" duration-ms="0" started-at="2011-08-05T16:39:58Z" finished-at="2011-08-05T16:39:58Z">
        </test-method>
        <test-method status="SKIP" signature="setup()" name="setup" is-config="true" duration-ms="0" started-at="2011-08-05T16:39:58Z" finished-at="2011-08-05T16:39:58Z">
        </test-method>
        <test-method status="SKIP" signature="setup()" name="setup" is-config="true" duration-ms="0" started-at="2011-08-05T16:39:58Z" finished-at="2011-08-05T16:39:58Z">
        </test-method>
        <test-method status="SKIP" signature="setup()" name="setup" is-config="true" duration-ms="0" started-at="2011-08-05T16:39:58Z" finished-at="2011-08-05T16:39:58Z">
        </test-method>
        <test-method status="SKIP" signature="testGetByTypeAndPool()" name="testGetByTypeAndPool" duration-ms="0" started-at="2011-08-05T16:39:58Z" finished-at="2011-08-05T16:39:58Z">
        </test-method>
        <test-method status="SKIP" signature="setup()" name="setup" is-config="true" duration-ms="0" started-at="2011-08-05T16:39:58Z" finished-at="2011-08-05T16:39:58Z">
        </test-method>
        <test-method status="SKIP" signature="testPutMultiple()" name="testPutMultiple" duration-ms="0" started-at="2011-08-05T16:39:58Z" finished-at="2011-08-05T16:39:58Z">
        </test-method>
        <test-method status="SKIP" signature="setup()" name="setup" is-config="true" duration-ms="0" started-at="2011-08-05T16:39:58Z" finished-at="2011-08-05T16:39:58Z">
        </test-method>
        <test-method status="SKIP" signature="testGetByType()" name="testGetByType" duration-ms="0" started-at="2011-08-05T16:39:58Z" finished-at="2011-08-05T16:39:58Z">
        </test-method>
        <test-method status="SKIP" signature="testPutSingle()" name="testPutSingle" duration-ms="0" started-at="2011-08-05T16:39:58Z" finished-at="2011-08-05T16:39:58Z">
        </test-method>
      </class>
      <class name="com.proofpoint.discovery.TestStaticAnnouncementResource">
        <test-method status="PASS" signature="testDelete()" name="testDelete" duration-ms="1" started-at="2011-08-05T16:39:58Z" finished-at="2011-08-05T16:39:58Z">
        </test-method>
        <test-method status="PASS" signature="setup()" name="setup" is-config="true" duration-ms="0" started-at="2011-08-05T16:39:58Z" finished-at="2011-08-05T16:39:58Z">
        </test-method>
        <test-method status="PASS" signature="setup()" name="setup" is-config="true" duration-ms="1" started-at="2011-08-05T16:39:58Z" finished-at="2011-08-05T16:39:58Z">
        </test-method>
        <test-method status="PASS" signature="setup()" name="setup" is-config="true" duration-ms="1" started-at="2011-08-05T16:39:58Z" finished-at="2011-08-05T16:39:58Z">
        </test-method>
        <test-method status="PASS" signature="testEnvironmentConflict()" name="testEnvironmentConflict" duration-ms="0" started-at="2011-08-05T16:39:58Z" finished-at="2011-08-05T16:39:58Z">
        </test-method>
        <test-method status="PASS" signature="testMakesUpLocation()" name="testMakesUpLocation" duration-ms="9" started-at="2011-08-05T16:39:58Z" finished-at="2011-08-05T16:39:58Z">
        </test-method>
        <test-method status="PASS" signature="setup()" name="setup" is-config="true" duration-ms="0" started-at="2011-08-05T16:39:58Z" finished-at="2011-08-05T16:39:58Z">
        </test-method>
        <test-method status="PASS" signature="testGet()" name="testGet" duration-ms="0" started-at="2011-08-05T16:39:58Z" finished-at="2011-08-05T16:39:58Z">
        </test-method>
        <test-method status="PASS" signature="testPost()" name="testPost" duration-ms="1" started-at="2011-08-05T16:39:58Z" finished-at="2011-08-05T16:39:58Z">
        </test-method>
        <test-method status="PASS" signature="setup()" name="setup" is-config="true" duration-ms="0" started-at="2011-08-05T16:39:58Z" finished-at="2011-08-05T16:39:58Z">
        </test-method>
      </class>
      <class name="com.proofpoint.discovery.TestDiscoveryConfig">
        <test-method status="PASS" signature="testDefaults()" name="testDefaults" duration-ms="32" started-at="2011-08-05T16:39:57Z" finished-at="2011-08-05T16:39:57Z">
        </test-method>
        <test-method status="PASS" signature="testExplicitPropertyMappings()" name="testExplicitPropertyMappings" duration-ms="5" started-at="2011-08-05T16:39:57Z" finished-at="2011-08-05T16:39:57Z">
        </test-method>
        <test-method status="PASS" signature="testValidatesNotNullDuration()" name="testValidatesNotNullDuration" duration-ms="1" started-at="2011-08-05T16:39:57Z" finished-at="2011-08-05T16:39:57Z">
        </test-method>
      </class>
      <class name="com.proofpoint.discovery.TestCassandraDynamicStoreInitialization">
        <test-method status="FAIL" signature="testUpdatesGCGraceSeconds()" name="testUpdatesGCGraceSeconds" duration-ms="3" started-at="2011-08-05T16:39:56Z" finished-at="2011-08-05T16:39:56Z">
          <exception class="java.lang.NoSuchMethodError">
            <message>
              <![CDATA[org.apache.cassandra.thrift.KsDef.<init>(Ljava/lang/String;Ljava/lang/String;ILjava/util/List;)V]]>
            </message>
            <full-stacktrace>
              <![CDATA[java.lang.NoSuchMethodError: org.apache.cassandra.thrift.KsDef.<init>(Ljava/lang/String;Ljava/lang/String;ILjava/util/List;)V
	at me.prettyprint.cassandra.service.ThriftKsDef.toThrift(ThriftKsDef.java:94)
	at me.prettyprint.cassandra.service.ThriftCluster$5.execute(ThriftCluster.java:101)
	at me.prettyprint.cassandra.service.ThriftCluster$5.execute(ThriftCluster.java:97)
	at me.prettyprint.cassandra.service.Operation.executeAndSetResult(Operation.java:101)
	at me.prettyprint.cassandra.connection.HConnectionManager.operateWithFailover(HConnectionManager.java:221)
	at me.prettyprint.cassandra.service.ThriftCluster.addKeyspace(ThriftCluster.java:107)
	at com.proofpoint.discovery.TestCassandraDynamicStoreInitialization.testUpdatesGCGraceSeconds(TestCassandraDynamicStoreInitialization.java:50)
	at sun.reflect.NativeMethodAccessorImpl.invoke0(Native Method)
	at sun.reflect.NativeMethodAccessorImpl.invoke(NativeMethodAccessorImpl.java:39)
	at sun.reflect.DelegatingMethodAccessorImpl.invoke(DelegatingMethodAccessorImpl.java:25)
	at java.lang.reflect.Method.invoke(Method.java:597)
	at org.testng.internal.MethodInvocationHelper.invokeMethod(MethodInvocationHelper.java:76)
	at org.testng.internal.Invoker.invokeMethod(Invoker.java:673)
	at org.testng.internal.Invoker.invokeTestMethod(Invoker.java:846)
	at org.testng.internal.Invoker.invokeTestMethods(Invoker.java:1170)
	at org.testng.internal.TestMethodWorker.invokeTestMethods(TestMethodWorker.java:125)
	at org.testng.internal.TestMethodWorker.run(TestMethodWorker.java:109)
	at org.testng.TestRunner.runWorkers(TestRunner.java:1147)
	at org.testng.TestRunner.privateRun(TestRunner.java:749)
	at org.testng.TestRunner.run(TestRunner.java:600)
	at org.testng.SuiteRunner.runTest(SuiteRunner.java:317)
	at org.testng.SuiteRunner.runSequentially(SuiteRunner.java:312)
	at org.testng.SuiteRunner.privateRun(SuiteRunner.java:274)
	at org.testng.SuiteRunner.run(SuiteRunner.java:223)
	at org.testng.SuiteRunnerWorker.runSuite(SuiteRunnerWorker.java:52)
	at org.testng.SuiteRunnerWorker.run(SuiteRunnerWorker.java:86)
	at org.testng.TestNG.runSuitesSequentially(TestNG.java:1039)
	at org.testng.TestNG.runSuitesLocally(TestNG.java:964)
	at org.testng.TestNG.run(TestNG.java:900)
	at org.apache.maven.surefire.testng.TestNGExecutor.run(TestNGExecutor.java:70)
	at org.apache.maven.surefire.testng.TestNGDirectoryTestSuite.executeMulti(TestNGDirectoryTestSuite.java:149)
	at org.apache.maven.surefire.testng.TestNGDirectoryTestSuite.execute(TestNGDirectoryTestSuite.java:95)
	at org.apache.maven.surefire.testng.TestNGProvider.invoke(TestNGProvider.java:114)
	at sun.reflect.NativeMethodAccessorImpl.invoke0(Native Method)
	at sun.reflect.NativeMethodAccessorImpl.invoke(NativeMethodAccessorImpl.java:39)
	at sun.reflect.DelegatingMethodAccessorImpl.invoke(DelegatingMethodAccessorImpl.java:25)
	at java.lang.reflect.Method.invoke(Method.java:597)
	at org.apache.maven.surefire.booter.ProviderFactory$ClassLoaderProxy.invoke(ProviderFactory.java:103)
	at $Proxy0.invoke(Unknown Source)
	at org.apache.maven.surefire.booter.SurefireStarter.invokeProvider(SurefireStarter.java:150)
	at org.apache.maven.surefire.booter.SurefireStarter.runSuitesInProcess(SurefireStarter.java:91)
	at org.apache.maven.surefire.booter.ForkedBooter.main(ForkedBooter.java:69)
]]>
            </full-stacktrace>
          </exception>
        </test-method>
      </class>
      <class name="com.proofpoint.discovery.TestCassandraStoreConfig">
        <test-method status="PASS" signature="testDefaults()" name="testDefaults" duration-ms="145" started-at="2011-08-05T16:39:56Z" finished-at="2011-08-05T16:39:56Z">
        </test-method>
        <test-method status="PASS" signature="testExplicitPropertyMappings()" name="testExplicitPropertyMappings" duration-ms="155" started-at="2011-08-05T16:39:56Z" finished-at="2011-08-05T16:39:57Z">
        </test-method>
        <test-method status="PASS" signature="testValidatesNotNullKeyspace()" name="testValidatesNotNullKeyspace" duration-ms="7" started-at="2011-08-05T16:39:57Z" finished-at="2011-08-05T16:39:57Z">
        </test-method>
      </class>
      <class name="com.proofpoint.discovery.TestCassandraDynamicStore">
        <test-method status="PASS" signature="setupCassandra()" name="setupCassandra" is-config="true" duration-ms="3511" started-at="2011-08-05T16:39:51Z" finished-at="2011-08-05T16:39:54Z">
        </test-method>
        <test-method status="PASS" signature="setupCassandra()" name="setupCassandra" is-config="true" duration-ms="0" started-at="2011-08-05T16:39:54Z" finished-at="2011-08-05T16:39:54Z">
        </test-method>
        <test-method status="PASS" signature="setupCassandra()" name="setupCassandra" is-config="true" duration-ms="0" started-at="2011-08-05T16:39:54Z" finished-at="2011-08-05T16:39:54Z">
        </test-method>
        <test-method status="PASS" signature="setupCassandra()" name="setupCassandra" is-config="true" duration-ms="0" started-at="2011-08-05T16:39:54Z" finished-at="2011-08-05T16:39:54Z">
        </test-method>
        <test-method status="PASS" signature="setupCassandra()" name="setupCassandra" is-config="true" duration-ms="0" started-at="2011-08-05T16:39:54Z" finished-at="2011-08-05T16:39:54Z">
        </test-method>
        <test-method status="FAIL" signature="setup()" name="setup" is-config="true" duration-ms="0" started-at="2011-08-05T16:39:55Z" finished-at="2011-08-05T16:39:55Z">
          <exception class="java.lang.NoSuchMethodError">
            <message>
              <![CDATA[org.apache.cassandra.thrift.KsDef.<init>(Ljava/lang/String;Ljava/lang/String;ILjava/util/List;)V]]>
            </message>
            <full-stacktrace>
              <![CDATA[java.lang.NoSuchMethodError: org.apache.cassandra.thrift.KsDef.<init>(Ljava/lang/String;Ljava/lang/String;ILjava/util/List;)V
	at me.prettyprint.cassandra.service.ThriftKsDef.toThrift(ThriftKsDef.java:94)
	at me.prettyprint.cassandra.service.ThriftCluster$5.execute(ThriftCluster.java:101)
	at me.prettyprint.cassandra.service.ThriftCluster$5.execute(ThriftCluster.java:97)
	at me.prettyprint.cassandra.service.Operation.executeAndSetResult(Operation.java:101)
	at me.prettyprint.cassandra.connection.HConnectionManager.operateWithFailover(HConnectionManager.java:221)
	at me.prettyprint.cassandra.service.ThriftCluster.addKeyspace(ThriftCluster.java:107)
	at com.proofpoint.discovery.CassandraDynamicStore.<init>(CassandraDynamicStore.java:82)
	at com.proofpoint.discovery.TestCassandraDynamicStore.initializeStore(TestCassandraDynamicStore.java:32)
	at com.proofpoint.discovery.TestDynamicStore.setup(TestDynamicStore.java:35)
	at sun.reflect.NativeMethodAccessorImpl.invoke0(Native Method)
	at sun.reflect.NativeMethodAccessorImpl.invoke(NativeMethodAccessorImpl.java:39)
	at sun.reflect.DelegatingMethodAccessorImpl.invoke(DelegatingMethodAccessorImpl.java:25)
	at java.lang.reflect.Method.invoke(Method.java:597)
	at org.testng.internal.MethodInvocationHelper.invokeMethod(MethodInvocationHelper.java:76)
	at org.testng.internal.Invoker.invokeConfigurationMethod(Invoker.java:525)
	at org.testng.internal.Invoker.invokeConfigurations(Invoker.java:202)
	at org.testng.internal.Invoker.invokeMethod(Invoker.java:613)
	at org.testng.internal.Invoker.invokeTestMethod(Invoker.java:846)
	at org.testng.internal.Invoker.invokeTestMethods(Invoker.java:1170)
	at org.testng.internal.TestMethodWorker.invokeTestMethods(TestMethodWorker.java:125)
	at org.testng.internal.TestMethodWorker.run(TestMethodWorker.java:109)
	at org.testng.TestRunner.runWorkers(TestRunner.java:1147)
	at org.testng.TestRunner.privateRun(TestRunner.java:749)
	at org.testng.TestRunner.run(TestRunner.java:600)
	at org.testng.SuiteRunner.runTest(SuiteRunner.java:317)
	at org.testng.SuiteRunner.runSequentially(SuiteRunner.java:312)
	at org.testng.SuiteRunner.privateRun(SuiteRunner.java:274)
	at org.testng.SuiteRunner.run(SuiteRunner.java:223)
	at org.testng.SuiteRunnerWorker.runSuite(SuiteRunnerWorker.java:52)
	at org.testng.SuiteRunnerWorker.run(SuiteRunnerWorker.java:86)
	at org.testng.TestNG.runSuitesSequentially(TestNG.java:1039)
	at org.testng.TestNG.runSuitesLocally(TestNG.java:964)
	at org.testng.TestNG.run(TestNG.java:900)
	at org.apache.maven.surefire.testng.TestNGExecutor.run(TestNGExecutor.java:70)
	at org.apache.maven.surefire.testng.TestNGDirectoryTestSuite.executeMulti(TestNGDirectoryTestSuite.java:149)
	at org.apache.maven.surefire.testng.TestNGDirectoryTestSuite.execute(TestNGDirectoryTestSuite.java:95)
	at org.apache.maven.surefire.testng.TestNGProvider.invoke(TestNGProvider.java:114)
	at sun.reflect.NativeMethodAccessorImpl.invoke0(Native Method)
	at sun.reflect.NativeMethodAccessorImpl.invoke(NativeMethodAccessorImpl.java:39)
	at sun.reflect.DelegatingMethodAccessorImpl.invoke(DelegatingMethodAccessorImpl.java:25)
	at java.lang.reflect.Method.invoke(Method.java:597)
	at org.apache.maven.surefire.booter.ProviderFactory$ClassLoaderProxy.invoke(ProviderFactory.java:103)
	at $Proxy0.invoke(Unknown Source)
	at org.apache.maven.surefire.booter.SurefireStarter.invokeProvider(SurefireStarter.java:150)
	at org.apache.maven.surefire.booter.SurefireStarter.runSuitesInProcess(SurefireStarter.java:91)
	at org.apache.maven.surefire.booter.ForkedBooter.main(ForkedBooter.java:69)
]]>
            </full-stacktrace>
          </exception>
        </test-method>
        <test-method status="SKIP" signature="testCannotBeInitalizedTwice()" name="testCannotBeInitalizedTwice" duration-ms="1" started-at="2011-08-05T16:39:56Z" finished-at="2011-08-05T16:39:56Z">
        </test-method>
        <test-method status="SKIP" signature="teardown()" name="teardown" is-config="true" duration-ms="0" started-at="2011-08-05T16:39:56Z" finished-at="2011-08-05T16:39:56Z">
        </test-method>
        <test-method status="SKIP" signature="testDelete()" name="testDelete" duration-ms="0" started-at="2011-08-05T16:39:56Z" finished-at="2011-08-05T16:39:56Z">
        </test-method>
        <test-method status="SKIP" signature="setup()" name="setup" is-config="true" duration-ms="0" started-at="2011-08-05T16:39:56Z" finished-at="2011-08-05T16:39:56Z">
        </test-method>
        <test-method status="SKIP" signature="teardown()" name="teardown" is-config="true" duration-ms="0" started-at="2011-08-05T16:39:56Z" finished-at="2011-08-05T16:39:56Z">
        </test-method>
        <test-method status="SKIP" signature="setup()" name="setup" is-config="true" duration-ms="0" started-at="2011-08-05T16:39:56Z" finished-at="2011-08-05T16:39:56Z">
        </test-method>
        <test-method status="SKIP" signature="testDeleteThenReInsert()" name="testDeleteThenReInsert" duration-ms="0" started-at="2011-08-05T16:39:56Z" finished-at="2011-08-05T16:39:56Z">
        </test-method>
        <test-method status="SKIP" signature="teardown()" name="teardown" is-config="true" duration-ms="0" started-at="2011-08-05T16:39:56Z" finished-at="2011-08-05T16:39:56Z">
        </test-method>
        <test-method status="SKIP" signature="testEmpty()" name="testEmpty" duration-ms="0" started-at="2011-08-05T16:39:56Z" finished-at="2011-08-05T16:39:56Z">
        </test-method>
        <test-method status="SKIP" signature="teardown()" name="teardown" is-config="true" duration-ms="0" started-at="2011-08-05T16:39:56Z" finished-at="2011-08-05T16:39:56Z">
        </test-method>
        <test-method status="SKIP" signature="setup()" name="setup" is-config="true" duration-ms="0" started-at="2011-08-05T16:39:56Z" finished-at="2011-08-05T16:39:56Z">
        </test-method>
        <test-method status="SKIP" signature="setup()" name="setup" is-config="true" duration-ms="0" started-at="2011-08-05T16:39:56Z" finished-at="2011-08-05T16:39:56Z">
        </test-method>
        <test-method status="SKIP" signature="testExpires()" name="testExpires" duration-ms="1" started-at="2011-08-05T16:39:56Z" finished-at="2011-08-05T16:39:56Z">
        </test-method>
        <test-method status="SKIP" signature="setup()" name="setup" is-config="true" duration-ms="0" started-at="2011-08-05T16:39:56Z" finished-at="2011-08-05T16:39:56Z">
        </test-method>
        <test-method status="SKIP" signature="testGetByType()" name="testGetByType" duration-ms="0" started-at="2011-08-05T16:39:56Z" finished-at="2011-08-05T16:39:56Z">
        </test-method>
        <test-method status="SKIP" signature="teardown()" name="teardown" is-config="true" duration-ms="0" started-at="2011-08-05T16:39:56Z" finished-at="2011-08-05T16:39:56Z">
        </test-method>
        <test-method status="SKIP" signature="teardown()" name="teardown" is-config="true" duration-ms="0" started-at="2011-08-05T16:39:56Z" finished-at="2011-08-05T16:39:56Z">
        </test-method>
        <test-method status="SKIP" signature="teardown()" name="teardown" is-config="true" duration-ms="0" started-at="2011-08-05T16:39:56Z" finished-at="2011-08-05T16:39:56Z">
        </test-method>
        <test-method status="SKIP" signature="testPutMultipleForDifferentNodes()" name="testPutMultipleForDifferentNodes" duration-ms="0" started-at="2011-08-05T16:39:56Z" finished-at="2011-08-05T16:39:56Z">
        </test-method>
        <test-method status="SKIP" signature="testGetByTypeAndPool()" name="testGetByTypeAndPool" duration-ms="0" started-at="2011-08-05T16:39:56Z" finished-at="2011-08-05T16:39:56Z">
        </test-method>
        <test-method status="SKIP" signature="setup()" name="setup" is-config="true" duration-ms="0" started-at="2011-08-05T16:39:56Z" finished-at="2011-08-05T16:39:56Z">
        </test-method>
        <test-method status="SKIP" signature="setup()" name="setup" is-config="true" duration-ms="0" started-at="2011-08-05T16:39:56Z" finished-at="2011-08-05T16:39:56Z">
        </test-method>
        <test-method status="SKIP" signature="teardown()" name="teardown" is-config="true" duration-ms="0" started-at="2011-08-05T16:39:56Z" finished-at="2011-08-05T16:39:56Z">
        </test-method>
        <test-method status="SKIP" signature="setup()" name="setup" is-config="true" duration-ms="0" started-at="2011-08-05T16:39:56Z" finished-at="2011-08-05T16:39:56Z">
        </test-method>
        <test-method status="SKIP" signature="teardown()" name="teardown" is-config="true" duration-ms="0" started-at="2011-08-05T16:39:56Z" finished-at="2011-08-05T16:39:56Z">
        </test-method>
        <test-method status="SKIP" signature="setup()" name="setup" is-config="true" duration-ms="0" started-at="2011-08-05T16:39:56Z" finished-at="2011-08-05T16:39:56Z">
        </test-method>
        <test-method status="SKIP" signature="testPutMultipleForSameNode()" name="testPutMultipleForSameNode" duration-ms="0" started-at="2011-08-05T16:39:56Z" finished-at="2011-08-05T16:39:56Z">
        </test-method>
        <test-method status="SKIP" signature="setup()" name="setup" is-config="true" duration-ms="0" started-at="2011-08-05T16:39:56Z" finished-at="2011-08-05T16:39:56Z">
        </test-method>
        <test-method status="SKIP" signature="testPutSingle()" name="testPutSingle" duration-ms="0" started-at="2011-08-05T16:39:56Z" finished-at="2011-08-05T16:39:56Z">
        </test-method>
        <test-method status="SKIP" signature="teardown()" name="teardown" is-config="true" duration-ms="0" started-at="2011-08-05T16:39:56Z" finished-at="2011-08-05T16:39:56Z">
        </test-method>
        <test-method status="SKIP" signature="setup()" name="setup" is-config="true" duration-ms="0" started-at="2011-08-05T16:39:56Z" finished-at="2011-08-05T16:39:56Z">
        </test-method>
        <test-method status="SKIP" signature="testReplace()" name="testReplace" duration-ms="0" started-at="2011-08-05T16:39:56Z" finished-at="2011-08-05T16:39:56Z">
        </test-method>
        <test-method status="SKIP" signature="testReplaceExpired()" name="testReplaceExpired" duration-ms="0" started-at="2011-08-05T16:39:56Z" finished-at="2011-08-05T16:39:56Z">
        </test-method>
        <test-method status="SKIP" signature="teardown()" name="teardown" is-config="true" duration-ms="0" started-at="2011-08-05T16:39:56Z" finished-at="2011-08-05T16:39:56Z">
        </test-method>
        <test-method status="SKIP" signature="teardown()" name="teardown" is-config="true" duration-ms="0" started-at="2011-08-05T16:39:56Z" finished-at="2011-08-05T16:39:56Z">
        </test-method>
        <test-method status="SKIP" signature="teardownCassandra()" name="teardownCassandra" is-config="true" duration-ms="0" started-at="2011-08-05T16:39:58Z" finished-at="2011-08-05T16:39:58Z">
        </test-method>
        <test-method status="SKIP" signature="teardownCassandra()" name="teardownCassandra" is-config="true" duration-ms="0" started-at="2011-08-05T16:39:58Z" finished-at="2011-08-05T16:39:58Z">
        </test-method>
        <test-method status="SKIP" signature="teardownCassandra()" name="teardownCassandra" is-config="true" duration-ms="0" started-at="2011-08-05T16:39:58Z" finished-at="2011-08-05T16:39:58Z">
        </test-method>
        <test-method status="SKIP" signature="teardownCassandra()" name="teardownCassandra" is-config="true" duration-ms="0" started-at="2011-08-05T16:39:58Z" finished-at="2011-08-05T16:39:58Z">
        </test-method>
        <test-method status="SKIP" signature="teardownCassandra()" name="teardownCassandra" is-config="true" duration-ms="0" started-at="2011-08-05T16:39:58Z" finished-at="2011-08-05T16:39:58Z">
        </test-method>
      </class>
      <class name="com.proofpoint.discovery.TestInMemoryDynamicStore">
        <test-method status="SKIP" signature="setup()" name="setup" is-config="true" duration-ms="0" started-at="2011-08-05T16:39:58Z" finished-at="2011-08-05T16:39:58Z">
        </test-method>
        <test-method status="SKIP" signature="testDelete()" name="testDelete" duration-ms="0" started-at="2011-08-05T16:39:58Z" finished-at="2011-08-05T16:39:58Z">
        </test-method>
        <test-method status="SKIP" signature="setup()" name="setup" is-config="true" duration-ms="0" started-at="2011-08-05T16:39:58Z" finished-at="2011-08-05T16:39:58Z">
        </test-method>
        <test-method status="SKIP" signature="setup()" name="setup" is-config="true" duration-ms="0" started-at="2011-08-05T16:39:58Z" finished-at="2011-08-05T16:39:58Z">
        </test-method>
        <test-method status="SKIP" signature="testDeleteThenReInsert()" name="testDeleteThenReInsert" duration-ms="0" started-at="2011-08-05T16:39:58Z" finished-at="2011-08-05T16:39:58Z">
        </test-method>
        <test-method status="SKIP" signature="setup()" name="setup" is-config="true" duration-ms="0" started-at="2011-08-05T16:39:58Z" finished-at="2011-08-05T16:39:58Z">
        </test-method>
        <test-method status="SKIP" signature="testEmpty()" name="testEmpty" duration-ms="0" started-at="2011-08-05T16:39:58Z" finished-at="2011-08-05T16:39:58Z">
        </test-method>
        <test-method status="SKIP" signature="setup()" name="setup" is-config="true" duration-ms="0" started-at="2011-08-05T16:39:58Z" finished-at="2011-08-05T16:39:58Z">
        </test-method>
        <test-method status="SKIP" signature="testExpires()" name="testExpires" duration-ms="0" started-at="2011-08-05T16:39:58Z" finished-at="2011-08-05T16:39:58Z">
        </test-method>
        <test-method status="SKIP" signature="testGetByTypeAndPool()" name="testGetByTypeAndPool" duration-ms="0" started-at="2011-08-05T16:39:58Z" finished-at="2011-08-05T16:39:58Z">
        </test-method>
        <test-method status="SKIP" signature="setup()" name="setup" is-config="true" duration-ms="0" started-at="2011-08-05T16:39:58Z" finished-at="2011-08-05T16:39:58Z">
        </test-method>
        <test-method status="SKIP" signature="testGetByType()" name="testGetByType" duration-ms="0" started-at="2011-08-05T16:39:58Z" finished-at="2011-08-05T16:39:58Z">
        </test-method>
        <test-method status="SKIP" signature="testPutSingle()" name="testPutSingle" duration-ms="0" started-at="2011-08-05T16:39:58Z" finished-at="2011-08-05T16:39:58Z">
        </test-method>
        <test-method status="SKIP" signature="setup()" name="setup" is-config="true" duration-ms="0" started-at="2011-08-05T16:39:58Z" finished-at="2011-08-05T16:39:58Z">
        </test-method>
        <test-method status="SKIP" signature="setup()" name="setup" is-config="true" duration-ms="0" started-at="2011-08-05T16:39:58Z" finished-at="2011-08-05T16:39:58Z">
        </test-method>
        <test-method status="SKIP" signature="testPutMultipleForDifferentNodes()" name="testPutMultipleForDifferentNodes" duration-ms="0" started-at="2011-08-05T16:39:58Z" finished-at="2011-08-05T16:39:58Z">
        </test-method>
        <test-method status="SKIP" signature="setup()" name="setup" is-config="true" duration-ms="0" started-at="2011-08-05T16:39:58Z" finished-at="2011-08-05T16:39:58Z">
        </test-method>
        <test-method status="SKIP" signature="testPutMultipleForSameNode()" name="testPutMultipleForSameNode" duration-ms="0" started-at="2011-08-05T16:39:58Z" finished-at="2011-08-05T16:39:58Z">
        </test-method>
        <test-method status="SKIP" signature="testReplaceExpired()" name="testReplaceExpired" duration-ms="0" started-at="2011-08-05T16:39:58Z" finished-at="2011-08-05T16:39:58Z">
        </test-method>
        <test-method status="SKIP" signature="setup()" name="setup" is-config="true" duration-ms="0" started-at="2011-08-05T16:39:58Z" finished-at="2011-08-05T16:39:58Z">
        </test-method>
        <test-method status="SKIP" signature="testReplace()" name="testReplace" duration-ms="0" started-at="2011-08-05T16:39:58Z" finished-at="2011-08-05T16:39:58Z">
        </test-method>
        <test-method status="SKIP" signature="setup()" name="setup" is-config="true" duration-ms="0" started-at="2011-08-05T16:39:58Z" finished-at="2011-08-05T16:39:58Z">
        </test-method>
      </class>
      <class name="com.proofpoint.discovery.TestServiceResource">
        <test-method status="PASS" signature="setUp()" name="setUp" is-config="true" duration-ms="1" started-at="2011-08-05T16:39:58Z" finished-at="2011-08-05T16:39:58Z">
        </test-method>
        <test-method status="PASS" signature="testGetAll()" name="testGetAll" duration-ms="1" started-at="2011-08-05T16:39:58Z" finished-at="2011-08-05T16:39:58Z">
        </test-method>
        <test-method status="PASS" signature="setUp()" name="setUp" is-config="true" duration-ms="0" started-at="2011-08-05T16:39:58Z" finished-at="2011-08-05T16:39:58Z">
        </test-method>
        <test-method status="PASS" signature="testGetByType()" name="testGetByType" duration-ms="7" started-at="2011-08-05T16:39:58Z" finished-at="2011-08-05T16:39:58Z">
        </test-method>
        <test-method status="PASS" signature="setUp()" name="setUp" is-config="true" duration-ms="1" started-at="2011-08-05T16:39:58Z" finished-at="2011-08-05T16:39:58Z">
        </test-method>
        <test-method status="PASS" signature="testGetByTypeAndPool()" name="testGetByTypeAndPool" duration-ms="2" started-at="2011-08-05T16:39:58Z" finished-at="2011-08-05T16:39:58Z">
        </test-method>
      </class>
      <class name="com.proofpoint.discovery.TestService">
        <test-method status="PASS" signature="testCreatesDefensiveCopyOfProperties()" name="testCreatesDefensiveCopyOfProperties" duration-ms="1" started-at="2011-08-05T16:39:58Z" finished-at="2011-08-05T16:39:58Z">
        </test-method>
        <test-method status="PASS" signature="testEquivalence()" name="testEquivalence" duration-ms="1" started-at="2011-08-05T16:39:58Z" finished-at="2011-08-05T16:39:58Z">
        </test-method>
        <test-method status="PASS" signature="testImmutableProperties()" name="testImmutableProperties" duration-ms="0" started-at="2011-08-05T16:39:58Z" finished-at="2011-08-05T16:39:58Z">
        </test-method>
        <test-method status="PASS" signature="testParseJson()" name="testParseJson" duration-ms="9" started-at="2011-08-05T16:39:58Z" finished-at="2011-08-05T16:39:58Z">
        </test-method>
        <test-method status="PASS" signature="testToJson()" name="testToJson" duration-ms="5" started-at="2011-08-05T16:39:58Z" finished-at="2011-08-05T16:39:58Z">
        </test-method>
        <test-method status="PASS" signature="testValidatesLocationNotNull()" name="testValidatesLocationNotNull" duration-ms="1" started-at="2011-08-05T16:39:58Z" finished-at="2011-08-05T16:39:58Z">
          <exception class="java.lang.NullPointerException">
            <message>
              <![CDATA[location is null]]>
            </message>
            <full-stacktrace>
              <![CDATA[java.lang.NullPointerException: location is null
	at com.google.common.base.Preconditions.checkNotNull(Preconditions.java:204)
	at com.proofpoint.discovery.Service.<init>(Service.java:34)
	at com.proofpoint.discovery.TestService.testValidatesLocationNotNull(TestService.java:111)
	at sun.reflect.NativeMethodAccessorImpl.invoke0(Native Method)
	at sun.reflect.NativeMethodAccessorImpl.invoke(NativeMethodAccessorImpl.java:39)
	at sun.reflect.DelegatingMethodAccessorImpl.invoke(DelegatingMethodAccessorImpl.java:25)
	at java.lang.reflect.Method.invoke(Method.java:597)
	at org.testng.internal.MethodInvocationHelper.invokeMethod(MethodInvocationHelper.java:76)
	at org.testng.internal.Invoker.invokeMethod(Invoker.java:673)
	at org.testng.internal.Invoker.invokeTestMethod(Invoker.java:846)
	at org.testng.internal.Invoker.invokeTestMethods(Invoker.java:1170)
	at org.testng.internal.TestMethodWorker.invokeTestMethods(TestMethodWorker.java:125)
	at org.testng.internal.TestMethodWorker.run(TestMethodWorker.java:109)
	at org.testng.TestRunner.runWorkers(TestRunner.java:1147)
	at org.testng.TestRunner.privateRun(TestRunner.java:749)
	at org.testng.TestRunner.run(TestRunner.java:600)
	at org.testng.SuiteRunner.runTest(SuiteRunner.java:317)
	at org.testng.SuiteRunner.runSequentially(SuiteRunner.java:312)
	at org.testng.SuiteRunner.privateRun(SuiteRunner.java:274)
	at org.testng.SuiteRunner.run(SuiteRunner.java:223)
	at org.testng.SuiteRunnerWorker.runSuite(SuiteRunnerWorker.java:52)
	at org.testng.SuiteRunnerWorker.run(SuiteRunnerWorker.java:86)
	at org.testng.TestNG.runSuitesSequentially(TestNG.java:1039)
	at org.testng.TestNG.runSuitesLocally(TestNG.java:964)
	at org.testng.TestNG.run(TestNG.java:900)
	at org.apache.maven.surefire.testng.TestNGExecutor.run(TestNGExecutor.java:70)
	at org.apache.maven.surefire.testng.TestNGDirectoryTestSuite.executeMulti(TestNGDirectoryTestSuite.java:149)
	at org.apache.maven.surefire.testng.TestNGDirectoryTestSuite.execute(TestNGDirectoryTestSuite.java:95)
	at org.apache.maven.surefire.testng.TestNGProvider.invoke(TestNGProvider.java:114)
	at sun.reflect.NativeMethodAccessorImpl.invoke0(Native Method)
	at sun.reflect.NativeMethodAccessorImpl.invoke(NativeMethodAccessorImpl.java:39)
	at sun.reflect.DelegatingMethodAccessorImpl.invoke(DelegatingMethodAccessorImpl.java:25)
	at java.lang.reflect.Method.invoke(Method.java:597)
	at org.apache.maven.surefire.booter.ProviderFactory$ClassLoaderProxy.invoke(ProviderFactory.java:103)
	at $Proxy0.invoke(Unknown Source)
	at org.apache.maven.surefire.booter.SurefireStarter.invokeProvider(SurefireStarter.java:150)
	at org.apache.maven.surefire.booter.SurefireStarter.runSuitesInProcess(SurefireStarter.java:91)
	at org.apache.maven.surefire.booter.ForkedBooter.main(ForkedBooter.java:69)
]]>
            </full-stacktrace>
          </exception>
        </test-method>
        <test-method status="PASS" signature="testValidatesIdNotNull()" name="testValidatesIdNotNull" duration-ms="0" started-at="2011-08-05T16:39:58Z" finished-at="2011-08-05T16:39:58Z">
          <exception class="java.lang.NullPointerException">
            <message>
              <![CDATA[id is null]]>
            </message>
            <full-stacktrace>
              <![CDATA[java.lang.NullPointerException: id is null
	at com.google.common.base.Preconditions.checkNotNull(Preconditions.java:204)
	at com.proofpoint.discovery.Service.<init>(Service.java:31)
	at com.proofpoint.discovery.TestService.testValidatesIdNotNull(TestService.java:93)
	at sun.reflect.NativeMethodAccessorImpl.invoke0(Native Method)
	at sun.reflect.NativeMethodAccessorImpl.invoke(NativeMethodAccessorImpl.java:39)
	at sun.reflect.DelegatingMethodAccessorImpl.invoke(DelegatingMethodAccessorImpl.java:25)
	at java.lang.reflect.Method.invoke(Method.java:597)
	at org.testng.internal.MethodInvocationHelper.invokeMethod(MethodInvocationHelper.java:76)
	at org.testng.internal.Invoker.invokeMethod(Invoker.java:673)
	at org.testng.internal.Invoker.invokeTestMethod(Invoker.java:846)
	at org.testng.internal.Invoker.invokeTestMethods(Invoker.java:1170)
	at org.testng.internal.TestMethodWorker.invokeTestMethods(TestMethodWorker.java:125)
	at org.testng.internal.TestMethodWorker.run(TestMethodWorker.java:109)
	at org.testng.TestRunner.runWorkers(TestRunner.java:1147)
	at org.testng.TestRunner.privateRun(TestRunner.java:749)
	at org.testng.TestRunner.run(TestRunner.java:600)
	at org.testng.SuiteRunner.runTest(SuiteRunner.java:317)
	at org.testng.SuiteRunner.runSequentially(SuiteRunner.java:312)
	at org.testng.SuiteRunner.privateRun(SuiteRunner.java:274)
	at org.testng.SuiteRunner.run(SuiteRunner.java:223)
	at org.testng.SuiteRunnerWorker.runSuite(SuiteRunnerWorker.java:52)
	at org.testng.SuiteRunnerWorker.run(SuiteRunnerWorker.java:86)
	at org.testng.TestNG.runSuitesSequentially(TestNG.java:1039)
	at org.testng.TestNG.runSuitesLocally(TestNG.java:964)
	at org.testng.TestNG.run(TestNG.java:900)
	at org.apache.maven.surefire.testng.TestNGExecutor.run(TestNGExecutor.java:70)
	at org.apache.maven.surefire.testng.TestNGDirectoryTestSuite.executeMulti(TestNGDirectoryTestSuite.java:149)
	at org.apache.maven.surefire.testng.TestNGDirectoryTestSuite.execute(TestNGDirectoryTestSuite.java:95)
	at org.apache.maven.surefire.testng.TestNGProvider.invoke(TestNGProvider.java:114)
	at sun.reflect.NativeMethodAccessorImpl.invoke0(Native Method)
	at sun.reflect.NativeMethodAccessorImpl.invoke(NativeMethodAccessorImpl.java:39)
	at sun.reflect.DelegatingMethodAccessorImpl.invoke(DelegatingMethodAccessorImpl.java:25)
	at java.lang.reflect.Method.invoke(Method.java:597)
	at org.apache.maven.surefire.booter.ProviderFactory$ClassLoaderProxy.invoke(ProviderFactory.java:103)
	at $Proxy0.invoke(Unknown Source)
	at org.apache.maven.surefire.booter.SurefireStarter.invokeProvider(SurefireStarter.java:150)
	at org.apache.maven.surefire.booter.SurefireStarter.runSuitesInProcess(SurefireStarter.java:91)
	at org.apache.maven.surefire.booter.ForkedBooter.main(ForkedBooter.java:69)
]]>
            </full-stacktrace>
          </exception>
        </test-method>
        <test-method status="PASS" signature="testValidatesPropertiesNotNull()" name="testValidatesPropertiesNotNull" duration-ms="1" started-at="2011-08-05T16:39:58Z" finished-at="2011-08-05T16:39:58Z">
          <exception class="java.lang.NullPointerException">
            <message>
              <![CDATA[properties is null]]>
            </message>
            <full-stacktrace>
              <![CDATA[java.lang.NullPointerException: properties is null
	at com.google.common.base.Preconditions.checkNotNull(Preconditions.java:204)
	at com.proofpoint.discovery.Service.<init>(Service.java:35)
	at com.proofpoint.discovery.TestService.testValidatesPropertiesNotNull(TestService.java:117)
	at sun.reflect.NativeMethodAccessorImpl.invoke0(Native Method)
	at sun.reflect.NativeMethodAccessorImpl.invoke(NativeMethodAccessorImpl.java:39)
	at sun.reflect.DelegatingMethodAccessorImpl.invoke(DelegatingMethodAccessorImpl.java:25)
	at java.lang.reflect.Method.invoke(Method.java:597)
	at org.testng.internal.MethodInvocationHelper.invokeMethod(MethodInvocationHelper.java:76)
	at org.testng.internal.Invoker.invokeMethod(Invoker.java:673)
	at org.testng.internal.Invoker.invokeTestMethod(Invoker.java:846)
	at org.testng.internal.Invoker.invokeTestMethods(Invoker.java:1170)
	at org.testng.internal.TestMethodWorker.invokeTestMethods(TestMethodWorker.java:125)
	at org.testng.internal.TestMethodWorker.run(TestMethodWorker.java:109)
	at org.testng.TestRunner.runWorkers(TestRunner.java:1147)
	at org.testng.TestRunner.privateRun(TestRunner.java:749)
	at org.testng.TestRunner.run(TestRunner.java:600)
	at org.testng.SuiteRunner.runTest(SuiteRunner.java:317)
	at org.testng.SuiteRunner.runSequentially(SuiteRunner.java:312)
	at org.testng.SuiteRunner.privateRun(SuiteRunner.java:274)
	at org.testng.SuiteRunner.run(SuiteRunner.java:223)
	at org.testng.SuiteRunnerWorker.runSuite(SuiteRunnerWorker.java:52)
	at org.testng.SuiteRunnerWorker.run(SuiteRunnerWorker.java:86)
	at org.testng.TestNG.runSuitesSequentially(TestNG.java:1039)
	at org.testng.TestNG.runSuitesLocally(TestNG.java:964)
	at org.testng.TestNG.run(TestNG.java:900)
	at org.apache.maven.surefire.testng.TestNGExecutor.run(TestNGExecutor.java:70)
	at org.apache.maven.surefire.testng.TestNGDirectoryTestSuite.executeMulti(TestNGDirectoryTestSuite.java:149)
	at org.apache.maven.surefire.testng.TestNGDirectoryTestSuite.execute(TestNGDirectoryTestSuite.java:95)
	at org.apache.maven.surefire.testng.TestNGProvider.invoke(TestNGProvider.java:114)
	at sun.reflect.NativeMethodAccessorImpl.invoke0(Native Method)
	at sun.reflect.NativeMethodAccessorImpl.invoke(NativeMethodAccessorImpl.java:39)
	at sun.reflect.DelegatingMethodAccessorImpl.invoke(DelegatingMethodAccessorImpl.java:25)
	at java.lang.reflect.Method.invoke(Method.java:597)
	at org.apache.maven.surefire.booter.ProviderFactory$ClassLoaderProxy.invoke(ProviderFactory.java:103)
	at $Proxy0.invoke(Unknown Source)
	at org.apache.maven.surefire.booter.SurefireStarter.invokeProvider(SurefireStarter.java:150)
	at org.apache.maven.surefire.booter.SurefireStarter.runSuitesInProcess(SurefireStarter.java:91)
	at org.apache.maven.surefire.booter.ForkedBooter.main(ForkedBooter.java:69)
]]>
            </full-stacktrace>
          </exception>
        </test-method>
        <test-method status="PASS" signature="testValidatesPoolNotNull()" name="testValidatesPoolNotNull" duration-ms="0" started-at="2011-08-05T16:39:58Z" finished-at="2011-08-05T16:39:58Z">
          <exception class="java.lang.NullPointerException">
            <message>
              <![CDATA[pool is null]]>
            </message>
            <full-stacktrace>
              <![CDATA[java.lang.NullPointerException: pool is null
	at com.google.common.base.Preconditions.checkNotNull(Preconditions.java:204)
	at com.proofpoint.discovery.Service.<init>(Service.java:33)
	at com.proofpoint.discovery.TestService.testValidatesPoolNotNull(TestService.java:105)
	at sun.reflect.NativeMethodAccessorImpl.invoke0(Native Method)
	at sun.reflect.NativeMethodAccessorImpl.invoke(NativeMethodAccessorImpl.java:39)
	at sun.reflect.DelegatingMethodAccessorImpl.invoke(DelegatingMethodAccessorImpl.java:25)
	at java.lang.reflect.Method.invoke(Method.java:597)
	at org.testng.internal.MethodInvocationHelper.invokeMethod(MethodInvocationHelper.java:76)
	at org.testng.internal.Invoker.invokeMethod(Invoker.java:673)
	at org.testng.internal.Invoker.invokeTestMethod(Invoker.java:846)
	at org.testng.internal.Invoker.invokeTestMethods(Invoker.java:1170)
	at org.testng.internal.TestMethodWorker.invokeTestMethods(TestMethodWorker.java:125)
	at org.testng.internal.TestMethodWorker.run(TestMethodWorker.java:109)
	at org.testng.TestRunner.runWorkers(TestRunner.java:1147)
	at org.testng.TestRunner.privateRun(TestRunner.java:749)
	at org.testng.TestRunner.run(TestRunner.java:600)
	at org.testng.SuiteRunner.runTest(SuiteRunner.java:317)
	at org.testng.SuiteRunner.runSequentially(SuiteRunner.java:312)
	at org.testng.SuiteRunner.privateRun(SuiteRunner.java:274)
	at org.testng.SuiteRunner.run(SuiteRunner.java:223)
	at org.testng.SuiteRunnerWorker.runSuite(SuiteRunnerWorker.java:52)
	at org.testng.SuiteRunnerWorker.run(SuiteRunnerWorker.java:86)
	at org.testng.TestNG.runSuitesSequentially(TestNG.java:1039)
	at org.testng.TestNG.runSuitesLocally(TestNG.java:964)
	at org.testng.TestNG.run(TestNG.java:900)
	at org.apache.maven.surefire.testng.TestNGExecutor.run(TestNGExecutor.java:70)
	at org.apache.maven.surefire.testng.TestNGDirectoryTestSuite.executeMulti(TestNGDirectoryTestSuite.java:149)
	at org.apache.maven.surefire.testng.TestNGDirectoryTestSuite.execute(TestNGDirectoryTestSuite.java:95)
	at org.apache.maven.surefire.testng.TestNGProvider.invoke(TestNGProvider.java:114)
	at sun.reflect.NativeMethodAccessorImpl.invoke0(Native Method)
	at sun.reflect.NativeMethodAccessorImpl.invoke(NativeMethodAccessorImpl.java:39)
	at sun.reflect.DelegatingMethodAccessorImpl.invoke(DelegatingMethodAccessorImpl.java:25)
	at java.lang.reflect.Method.invoke(Method.java:597)
	at org.apache.maven.surefire.booter.ProviderFactory$ClassLoaderProxy.invoke(ProviderFactory.java:103)
	at $Proxy0.invoke(Unknown Source)
	at org.apache.maven.surefire.booter.SurefireStarter.invokeProvider(SurefireStarter.java:150)
	at org.apache.maven.surefire.booter.SurefireStarter.runSuitesInProcess(SurefireStarter.java:91)
	at org.apache.maven.surefire.booter.ForkedBooter.main(ForkedBooter.java:69)
]]>
            </full-stacktrace>
          </exception>
        </test-method>
        <test-method status="PASS" signature="testValidatesTypeNotNull()" name="testValidatesTypeNotNull" duration-ms="0" started-at="2011-08-05T16:39:58Z" finished-at="2011-08-05T16:39:58Z">
          <exception class="java.lang.NullPointerException">
            <message>
              <![CDATA[type is null]]>
            </message>
            <full-stacktrace>
              <![CDATA[java.lang.NullPointerException: type is null
	at com.google.common.base.Preconditions.checkNotNull(Preconditions.java:204)
	at com.proofpoint.discovery.Service.<init>(Service.java:32)
	at com.proofpoint.discovery.TestService.testValidatesTypeNotNull(TestService.java:99)
	at sun.reflect.NativeMethodAccessorImpl.invoke0(Native Method)
	at sun.reflect.NativeMethodAccessorImpl.invoke(NativeMethodAccessorImpl.java:39)
	at sun.reflect.DelegatingMethodAccessorImpl.invoke(DelegatingMethodAccessorImpl.java:25)
	at java.lang.reflect.Method.invoke(Method.java:597)
	at org.testng.internal.MethodInvocationHelper.invokeMethod(MethodInvocationHelper.java:76)
	at org.testng.internal.Invoker.invokeMethod(Invoker.java:673)
	at org.testng.internal.Invoker.invokeTestMethod(Invoker.java:846)
	at org.testng.internal.Invoker.invokeTestMethods(Invoker.java:1170)
	at org.testng.internal.TestMethodWorker.invokeTestMethods(TestMethodWorker.java:125)
	at org.testng.internal.TestMethodWorker.run(TestMethodWorker.java:109)
	at org.testng.TestRunner.runWorkers(TestRunner.java:1147)
	at org.testng.TestRunner.privateRun(TestRunner.java:749)
	at org.testng.TestRunner.run(TestRunner.java:600)
	at org.testng.SuiteRunner.runTest(SuiteRunner.java:317)
	at org.testng.SuiteRunner.runSequentially(SuiteRunner.java:312)
	at org.testng.SuiteRunner.privateRun(SuiteRunner.java:274)
	at org.testng.SuiteRunner.run(SuiteRunner.java:223)
	at org.testng.SuiteRunnerWorker.runSuite(SuiteRunnerWorker.java:52)
	at org.testng.SuiteRunnerWorker.run(SuiteRunnerWorker.java:86)
	at org.testng.TestNG.runSuitesSequentially(TestNG.java:1039)
	at org.testng.TestNG.runSuitesLocally(TestNG.java:964)
	at org.testng.TestNG.run(TestNG.java:900)
	at org.apache.maven.surefire.testng.TestNGExecutor.run(TestNGExecutor.java:70)
	at org.apache.maven.surefire.testng.TestNGDirectoryTestSuite.executeMulti(TestNGDirectoryTestSuite.java:149)
	at org.apache.maven.surefire.testng.TestNGDirectoryTestSuite.execute(TestNGDirectoryTestSuite.java:95)
	at org.apache.maven.surefire.testng.TestNGProvider.invoke(TestNGProvider.java:114)
	at sun.reflect.NativeMethodAccessorImpl.invoke0(Native Method)
	at sun.reflect.NativeMethodAccessorImpl.invoke(NativeMethodAccessorImpl.java:39)
	at sun.reflect.DelegatingMethodAccessorImpl.invoke(DelegatingMethodAccessorImpl.java:25)
	at java.lang.reflect.Method.invoke(Method.java:597)
	at org.apache.maven.surefire.booter.ProviderFactory$ClassLoaderProxy.invoke(ProviderFactory.java:103)
	at $Proxy0.invoke(Unknown Source)
	at org.apache.maven.surefire.booter.SurefireStarter.invokeProvider(SurefireStarter.java:150)
	at org.apache.maven.surefire.booter.SurefireStarter.runSuitesInProcess(SurefireStarter.java:91)
	at org.apache.maven.surefire.booter.ForkedBooter.main(ForkedBooter.java:69)
]]>
            </full-stacktrace>
          </exception>
        </test-method>
      </class>
      <class name="com.proofpoint.discovery.TestDynamicAnnouncementResource">
        <test-method status="PASS" signature="setup()" name="setup" is-config="true" duration-ms="2" started-at="2011-08-05T16:39:58Z" finished-at="2011-08-05T16:39:58Z">
        </test-method>
        <test-method status="PASS" signature="testDeleteExisting()" name="testDeleteExisting" duration-ms="135" started-at="2011-08-05T16:39:58Z" finished-at="2011-08-05T16:39:58Z">
        </test-method>
        <test-method status="PASS" signature="setup()" name="setup" is-config="true" duration-ms="1" started-at="2011-08-05T16:39:58Z" finished-at="2011-08-05T16:39:58Z">
        </test-method>
        <test-method status="PASS" signature="setup()" name="setup" is-config="true" duration-ms="1" started-at="2011-08-05T16:39:58Z" finished-at="2011-08-05T16:39:58Z">
        </test-method>
        <test-method status="PASS" signature="testDeleteMissing()" name="testDeleteMissing" duration-ms="0" started-at="2011-08-05T16:39:58Z" finished-at="2011-08-05T16:39:58Z">
        </test-method>
        <test-method status="PASS" signature="testEnvironmentConflict()" name="testEnvironmentConflict" duration-ms="14" started-at="2011-08-05T16:39:58Z" finished-at="2011-08-05T16:39:58Z">
        </test-method>
        <test-method status="PASS" signature="setup()" name="setup" is-config="true" duration-ms="1" started-at="2011-08-05T16:39:58Z" finished-at="2011-08-05T16:39:58Z">
        </test-method>
        <test-method status="PASS" signature="testMakesUpLocation()" name="testMakesUpLocation" duration-ms="0" started-at="2011-08-05T16:39:58Z" finished-at="2011-08-05T16:39:58Z">
        </test-method>
        <test-method status="PASS" signature="setup()" name="setup" is-config="true" duration-ms="1" started-at="2011-08-05T16:39:58Z" finished-at="2011-08-05T16:39:58Z">
        </test-method>
        <test-method status="PASS" signature="testPutNew()" name="testPutNew" duration-ms="0" started-at="2011-08-05T16:39:58Z" finished-at="2011-08-05T16:39:58Z">
        </test-method>
        <test-method status="PASS" signature="setup()" name="setup" is-config="true" duration-ms="0" started-at="2011-08-05T16:39:58Z" finished-at="2011-08-05T16:39:58Z">
        </test-method>
        <test-method status="PASS" signature="testReplace()" name="testReplace" duration-ms="1" started-at="2011-08-05T16:39:58Z" finished-at="2011-08-05T16:39:58Z">
        </test-method>
      </class>
      <class name="com.proofpoint.discovery.TestId">
        <test-method status="PASS" signature="testFromJson()" name="testFromJson" duration-ms="27" started-at="2011-08-05T16:39:58Z" finished-at="2011-08-05T16:39:58Z">
        </test-method>
        <test-method status="PASS" signature="testToJson()" name="testToJson" duration-ms="19" started-at="2011-08-05T16:39:58Z" finished-at="2011-08-05T16:39:58Z">
        </test-method>
      </class>
      <class name="com.proofpoint.discovery.TestInMemoryStaticStore">
        <test-method status="SKIP" signature="testCanHandleLotsOfServices()" name="testCanHandleLotsOfServices" duration-ms="0" started-at="2011-08-05T16:39:58Z" finished-at="2011-08-05T16:39:58Z">
        </test-method>
        <test-method status="SKIP" signature="setup()" name="setup" is-config="true" duration-ms="0" started-at="2011-08-05T16:39:58Z" finished-at="2011-08-05T16:39:58Z">
        </test-method>
        <test-method status="SKIP" signature="setup()" name="setup" is-config="true" duration-ms="0" started-at="2011-08-05T16:39:58Z" finished-at="2011-08-05T16:39:58Z">
        </test-method>
        <test-method status="SKIP" signature="testDelete()" name="testDelete" duration-ms="0" started-at="2011-08-05T16:39:58Z" finished-at="2011-08-05T16:39:58Z">
        </test-method>
        <test-method status="SKIP" signature="testEmpty()" name="testEmpty" duration-ms="0" started-at="2011-08-05T16:39:58Z" finished-at="2011-08-05T16:39:58Z">
        </test-method>
        <test-method status="SKIP" signature="setup()" name="setup" is-config="true" duration-ms="0" started-at="2011-08-05T16:39:58Z" finished-at="2011-08-05T16:39:58Z">
        </test-method>
        <test-method status="SKIP" signature="setup()" name="setup" is-config="true" duration-ms="0" started-at="2011-08-05T16:39:58Z" finished-at="2011-08-05T16:39:58Z">
        </test-method>
        <test-method status="SKIP" signature="testGetByType()" name="testGetByType" duration-ms="0" started-at="2011-08-05T16:39:58Z" finished-at="2011-08-05T16:39:58Z">
        </test-method>
        <test-method status="SKIP" signature="setup()" name="setup" is-config="true" duration-ms="0" started-at="2011-08-05T16:39:58Z" finished-at="2011-08-05T16:39:58Z">
        </test-method>
        <test-method status="SKIP" signature="testPutMultiple()" name="testPutMultiple" duration-ms="0" started-at="2011-08-05T16:39:58Z" finished-at="2011-08-05T16:39:58Z">
        </test-method>
        <test-method status="SKIP" signature="testGetByTypeAndPool()" name="testGetByTypeAndPool" duration-ms="0" started-at="2011-08-05T16:39:58Z" finished-at="2011-08-05T16:39:58Z">
        </test-method>
        <test-method status="SKIP" signature="setup()" name="setup" is-config="true" duration-ms="0" started-at="2011-08-05T16:39:58Z" finished-at="2011-08-05T16:39:58Z">
        </test-method>
        <test-method status="SKIP" signature="testPutSingle()" name="testPutSingle" duration-ms="0" started-at="2011-08-05T16:39:58Z" finished-at="2011-08-05T16:39:58Z">
        </test-method>
        <test-method status="SKIP" signature="setup()" name="setup" is-config="true" duration-ms="0" started-at="2011-08-05T16:39:58Z" finished-at="2011-08-05T16:39:58Z">
        </test-method>
      </class>
      <class name="com.proofpoint.discovery.TestStaticAnnouncement">
        <test-method status="PASS" signature="testEquivalence()" name="testEquivalence" duration-ms="1" started-at="2011-08-05T16:39:58Z" finished-at="2011-08-05T16:39:58Z">
        </test-method>
        <test-method status="PASS" signature="testCreatesDefensiveCopyOfProperties()" name="testCreatesDefensiveCopyOfProperties" duration-ms="0" started-at="2011-08-05T16:39:58Z" finished-at="2011-08-05T16:39:58Z">
        </test-method>
        <test-method status="PASS" signature="testParsing()" name="testParsing" duration-ms="7" started-at="2011-08-05T16:39:58Z" finished-at="2011-08-05T16:39:58Z">
        </test-method>
        <test-method status="PASS" signature="testImmutableProperties()" name="testImmutableProperties" duration-ms="0" started-at="2011-08-05T16:39:58Z" finished-at="2011-08-05T16:39:58Z">
        </test-method>
        <test-method status="PASS" signature="testValidatesNullEnvironment()" name="testValidatesNullEnvironment" duration-ms="8" started-at="2011-08-05T16:39:58Z" finished-at="2011-08-05T16:39:58Z">
        </test-method>
        <test-method status="PASS" signature="testValidatesNullProperties()" name="testValidatesNullProperties" duration-ms="1" started-at="2011-08-05T16:39:58Z" finished-at="2011-08-05T16:39:58Z">
        </test-method>
        <test-method status="PASS" signature="testValidatesNullPool()" name="testValidatesNullPool" duration-ms="0" started-at="2011-08-05T16:39:58Z" finished-at="2011-08-05T16:39:58Z">
        </test-method>
        <test-method status="PASS" signature="testValidatesNullType()" name="testValidatesNullType" duration-ms="0" started-at="2011-08-05T16:39:58Z" finished-at="2011-08-05T16:39:58Z">
        </test-method>
      </class>
    </test>
  </suite>
</testng-results>
