-------------------------------------------------------------------------------
Test set: TestSuite
-------------------------------------------------------------------------------
Tests run: 165, Failures: 5, Errors: 0, Skipped: 94, Time elapsed: 10.467 sec <<< FAILURE!
setup(com.proofpoint.discovery.TestCassandraDynamicStore)  Time elapsed: 0 sec  <<< FAILURE!
java.lang.NoSuchMethodError: org.apache.cassandra.thrift.KsDef.<init>(Ljava/lang/String;Ljava/lang/String;ILjava/util/List;)V
	at me.prettyprint.cassandra.service.ThriftKsDef.toThrift(ThriftKsDef.java:94)
	at me.prettyprint.cassandra.service.ThriftCluster$5.execute(ThriftCluster.java:101)
	at me.prettyprint.cassandra.service.ThriftCluster$5.execute(ThriftCluster.java:97)
	at me.prettyprint.cassandra.service.Operation.executeAndSetResult(Operation.java:101)
	at me.prettyprint.cassandra.connection.HConnectionManager.operateWithFailover(HConnectionManager.java:221)
	at me.prettyprint.cassandra.service.ThriftCluster.addKeyspace(ThriftCluster.java:107)
	at com.proofpoint.discovery.CassandraDynamicStore.<init>(CassandraDynamicStore.java:82)
	at com.proofpoint.discovery.TestCassandraDynamicStore.initializeStore(TestCassandraDynamicStore.java:32)
	at com.proofpoint.discovery.TestDynamicStore.setup(TestDynamicStore.java:35)
	at sun.reflect.NativeMethodAccessorImpl.invoke0(Native Method)
	at sun.reflect.NativeMethodAccessorImpl.invoke(NativeMethodAccessorImpl.java:39)
	at sun.reflect.DelegatingMethodAccessorImpl.invoke(DelegatingMethodAccessorImpl.java:25)
	at java.lang.reflect.Method.invoke(Method.java:597)
	at org.testng.internal.MethodInvocationHelper.invokeMethod(MethodInvocationHelper.java:76)
	at org.testng.internal.Invoker.invokeConfigurationMethod(Invoker.java:525)
	at org.testng.internal.Invoker.invokeConfigurations(Invoker.java:202)
	at org.testng.internal.Invoker.invokeMethod(Invoker.java:613)
	at org.testng.internal.Invoker.invokeTestMethod(Invoker.java:846)
	at org.testng.internal.Invoker.invokeTestMethods(Invoker.java:1170)
	at org.testng.internal.TestMethodWorker.invokeTestMethods(TestMethodWorker.java:125)
	at org.testng.internal.TestMethodWorker.run(TestMethodWorker.java:109)
	at org.testng.TestRunner.runWorkers(TestRunner.java:1147)
	at org.testng.TestRunner.privateRun(TestRunner.java:749)
	at org.testng.TestRunner.run(TestRunner.java:600)
	at org.testng.SuiteRunner.runTest(SuiteRunner.java:317)
	at org.testng.SuiteRunner.runSequentially(SuiteRunner.java:312)
	at org.testng.SuiteRunner.privateRun(SuiteRunner.java:274)
	at org.testng.SuiteRunner.run(SuiteRunner.java:223)
	at org.testng.SuiteRunnerWorker.runSuite(SuiteRunnerWorker.java:52)
	at org.testng.SuiteRunnerWorker.run(SuiteRunnerWorker.java:86)
	at org.testng.TestNG.runSuitesSequentially(TestNG.java:1039)
	at org.testng.TestNG.runSuitesLocally(TestNG.java:964)
	at org.testng.TestNG.run(TestNG.java:900)
	at org.apache.maven.surefire.testng.TestNGExecutor.run(TestNGExecutor.java:70)
	at org.apache.maven.surefire.testng.TestNGDirectoryTestSuite.executeMulti(TestNGDirectoryTestSuite.java:149)
	at org.apache.maven.surefire.testng.TestNGDirectoryTestSuite.execute(TestNGDirectoryTestSuite.java:95)
	at org.apache.maven.surefire.testng.TestNGProvider.invoke(TestNGProvider.java:114)
	at sun.reflect.NativeMethodAccessorImpl.invoke0(Native Method)
	at sun.reflect.NativeMethodAccessorImpl.invoke(NativeMethodAccessorImpl.java:39)
	at sun.reflect.DelegatingMethodAccessorImpl.invoke(DelegatingMethodAccessorImpl.java:25)
	at java.lang.reflect.Method.invoke(Method.java:597)
	at org.apache.maven.surefire.booter.ProviderFactory$ClassLoaderProxy.invoke(ProviderFactory.java:103)
	at $Proxy0.invoke(Unknown Source)
	at org.apache.maven.surefire.booter.SurefireStarter.invokeProvider(SurefireStarter.java:150)
	at org.apache.maven.surefire.booter.SurefireStarter.runSuitesInProcess(SurefireStarter.java:91)
	at org.apache.maven.surefire.booter.ForkedBooter.main(ForkedBooter.java:69)

testUpdatesGCGraceSeconds(com.proofpoint.discovery.TestCassandraDynamicStoreInitialization)  Time elapsed: 0.004 sec  <<< FAILURE!
java.lang.NoSuchMethodError: org.apache.cassandra.thrift.KsDef.<init>(Ljava/lang/String;Ljava/lang/String;ILjava/util/List;)V
	at me.prettyprint.cassandra.service.ThriftKsDef.toThrift(ThriftKsDef.java:94)
	at me.prettyprint.cassandra.service.ThriftCluster$5.execute(ThriftCluster.java:101)
	at me.prettyprint.cassandra.service.ThriftCluster$5.execute(ThriftCluster.java:97)
	at me.prettyprint.cassandra.service.Operation.executeAndSetResult(Operation.java:101)
	at me.prettyprint.cassandra.connection.HConnectionManager.operateWithFailover(HConnectionManager.java:221)
	at me.prettyprint.cassandra.service.ThriftCluster.addKeyspace(ThriftCluster.java:107)
	at com.proofpoint.discovery.TestCassandraDynamicStoreInitialization.testUpdatesGCGraceSeconds(TestCassandraDynamicStoreInitialization.java:50)

setup(com.proofpoint.discovery.TestDiscoveryServer)  Time elapsed: 1.009 sec  <<< FAILURE!
com.google.inject.ProvisionException: Guice provision errors:
1) Error injecting constructor, java.lang.NoSuchMethodError: org.apache.cassandra.thrift.KsDef.<init>(Ljava/lang/String;Ljava/lang/String;ILjava/util/List;)V
  at com.proofpoint.discovery.CassandraDynamicStore.<init>(CassandraDynamicStore.java:75)
  at com.proofpoint.discovery.DiscoveryModule.configure(DiscoveryModule.java:29)
  while locating com.proofpoint.discovery.CassandraDynamicStore
1 error
	at com.google.inject.internal.InjectorImpl$4.get(InjectorImpl.java:987)
	at com.google.inject.internal.InjectorImpl.getInstance(InjectorImpl.java:1013)
	at com.proofpoint.discovery.TestDiscoveryServer.setup(TestDiscoveryServer.java:84)
Caused by: java.lang.NoSuchMethodError: org.apache.cassandra.thrift.KsDef.<init>(Ljava/lang/String;Ljava/lang/String;ILjava/util/List;)V
	at me.prettyprint.cassandra.service.ThriftKsDef.toThrift(ThriftKsDef.java:94)
	at me.prettyprint.cassandra.service.ThriftCluster$5.execute(ThriftCluster.java:101)
	at me.prettyprint.cassandra.service.ThriftCluster$5.execute(ThriftCluster.java:97)
	at me.prettyprint.cassandra.service.Operation.executeAndSetResult(Operation.java:101)
	at me.prettyprint.cassandra.connection.HConnectionManager.operateWithFailover(HConnectionManager.java:221)
	at me.prettyprint.cassandra.service.ThriftCluster.addKeyspace(ThriftCluster.java:107)
	at com.proofpoint.discovery.CassandraDynamicStore.<init>(CassandraDynamicStore.java:82)
	at com.proofpoint.discovery.CassandraDynamicStore$$FastClassByGuice$$627d0357.newInstance(<generated>)
	at com.google.inject.internal.cglib.reflect.$FastConstructor.newInstance(FastConstructor.java:40)
	at com.google.inject.internal.DefaultConstructionProxyFactory$1.newInstance(DefaultConstructionProxyFactory.java:60)
	at com.google.inject.internal.ConstructorInjector.construct(ConstructorInjector.java:85)
	at com.google.inject.internal.ConstructorBindingImpl$Factory.get(ConstructorBindingImpl.java:254)
	at com.google.inject.internal.ProviderToInternalFactoryAdapter$1.call(ProviderToInternalFactoryAdapter.java:46)
	at com.google.inject.internal.InjectorImpl.callInContext(InjectorImpl.java:1031)
	at com.google.inject.internal.ProviderToInternalFactoryAdapter.get(ProviderToInternalFactoryAdapter.java:40)
	at com.google.inject.Scopes$1$1.get(Scopes.java:65)
	at com.google.inject.internal.InternalFactoryToProviderAdapter.get(InternalFactoryToProviderAdapter.java:40)
	at com.google.inject.internal.InjectorImpl$4$1.call(InjectorImpl.java:978)
	at com.google.inject.internal.InjectorImpl.callInContext(InjectorImpl.java:1024)
	at com.google.inject.internal.InjectorImpl$4.get(InjectorImpl.java:974)
	... 39 more

testBothInitializeProperly(com.proofpoint.discovery.TestStaticAndDynamicStores)  Time elapsed: 0.004 sec  <<< FAILURE!
java.lang.NoSuchMethodError: org.apache.cassandra.thrift.KsDef.<init>(Ljava/lang/String;Ljava/lang/String;ILjava/util/List;)V
	at me.prettyprint.cassandra.service.ThriftKsDef.toThrift(ThriftKsDef.java:94)
	at me.prettyprint.cassandra.service.ThriftCluster$5.execute(ThriftCluster.java:101)
	at me.prettyprint.cassandra.service.ThriftCluster$5.execute(ThriftCluster.java:97)
	at me.prettyprint.cassandra.service.Operation.executeAndSetResult(Operation.java:101)
	at me.prettyprint.cassandra.connection.HConnectionManager.operateWithFailover(HConnectionManager.java:221)
	at me.prettyprint.cassandra.service.ThriftCluster.addKeyspace(ThriftCluster.java:107)
	at com.proofpoint.discovery.CassandraStaticStore.<init>(CassandraStaticStore.java:68)
	at com.proofpoint.discovery.TestStaticAndDynamicStores.testBothInitializeProperly(TestStaticAndDynamicStores.java:29)

setup(com.proofpoint.discovery.TestCassandraStaticStore)  Time elapsed: 0.004 sec  <<< FAILURE!
java.lang.NoSuchMethodError: org.apache.cassandra.thrift.KsDef.<init>(Ljava/lang/String;Ljava/lang/String;ILjava/util/List;)V
	at me.prettyprint.cassandra.service.ThriftKsDef.toThrift(ThriftKsDef.java:94)
	at me.prettyprint.cassandra.service.ThriftCluster$5.execute(ThriftCluster.java:101)
	at me.prettyprint.cassandra.service.ThriftCluster$5.execute(ThriftCluster.java:97)
	at me.prettyprint.cassandra.service.Operation.executeAndSetResult(Operation.java:101)
	at me.prettyprint.cassandra.connection.HConnectionManager.operateWithFailover(HConnectionManager.java:221)
	at me.prettyprint.cassandra.service.ThriftCluster.addKeyspace(ThriftCluster.java:107)
	at com.proofpoint.discovery.CassandraStaticStore.<init>(CassandraStaticStore.java:68)
	at com.proofpoint.discovery.TestCassandraStaticStore.initializeStore(TestCassandraStaticStore.java:28)
	at com.proofpoint.discovery.TestStaticStore.setup(TestStaticStore.java:28)
	at sun.reflect.NativeMethodAccessorImpl.invoke0(Native Method)
	at sun.reflect.NativeMethodAccessorImpl.invoke(NativeMethodAccessorImpl.java:39)
	at sun.reflect.DelegatingMethodAccessorImpl.invoke(DelegatingMethodAccessorImpl.java:25)
	at java.lang.reflect.Method.invoke(Method.java:597)
	at org.testng.internal.MethodInvocationHelper.invokeMethod(MethodInvocationHelper.java:76)
	at org.testng.internal.Invoker.invokeConfigurationMethod(Invoker.java:525)
	at org.testng.internal.Invoker.invokeConfigurations(Invoker.java:202)
	at org.testng.internal.Invoker.invokeMethod(Invoker.java:613)
	at org.testng.internal.Invoker.invokeTestMethod(Invoker.java:846)
	at org.testng.internal.Invoker.invokeTestMethods(Invoker.java:1170)
	at org.testng.internal.TestMethodWorker.invokeTestMethods(TestMethodWorker.java:125)
	at org.testng.internal.TestMethodWorker.run(TestMethodWorker.java:109)
	at org.testng.TestRunner.runWorkers(TestRunner.java:1147)
	at org.testng.TestRunner.privateRun(TestRunner.java:749)
	at org.testng.TestRunner.run(TestRunner.java:600)
	at org.testng.SuiteRunner.runTest(SuiteRunner.java:317)
	at org.testng.SuiteRunner.runSequentially(SuiteRunner.java:312)
	at org.testng.SuiteRunner.privateRun(SuiteRunner.java:274)
	at org.testng.SuiteRunner.run(SuiteRunner.java:223)
	at org.testng.SuiteRunnerWorker.runSuite(SuiteRunnerWorker.java:52)
	at org.testng.SuiteRunnerWorker.run(SuiteRunnerWorker.java:86)
	at org.testng.TestNG.runSuitesSequentially(TestNG.java:1039)
	at org.testng.TestNG.runSuitesLocally(TestNG.java:964)
	at org.testng.TestNG.run(TestNG.java:900)
	at org.apache.maven.surefire.testng.TestNGExecutor.run(TestNGExecutor.java:70)
	at org.apache.maven.surefire.testng.TestNGDirectoryTestSuite.executeMulti(TestNGDirectoryTestSuite.java:149)
	at org.apache.maven.surefire.testng.TestNGDirectoryTestSuite.execute(TestNGDirectoryTestSuite.java:95)
	at org.apache.maven.surefire.testng.TestNGProvider.invoke(TestNGProvider.java:114)
	at sun.reflect.NativeMethodAccessorImpl.invoke0(Native Method)
	at sun.reflect.NativeMethodAccessorImpl.invoke(NativeMethodAccessorImpl.java:39)
	at sun.reflect.DelegatingMethodAccessorImpl.invoke(DelegatingMethodAccessorImpl.java:25)
	at java.lang.reflect.Method.invoke(Method.java:597)
	at org.apache.maven.surefire.booter.ProviderFactory$ClassLoaderProxy.invoke(ProviderFactory.java:103)
	at $Proxy0.invoke(Unknown Source)
	at org.apache.maven.surefire.booter.SurefireStarter.invokeProvider(SurefireStarter.java:150)
	at org.apache.maven.surefire.booter.SurefireStarter.runSuitesInProcess(SurefireStarter.java:91)
	at org.apache.maven.surefire.booter.ForkedBooter.main(ForkedBooter.java:69)

